12:47: 21.632 [main] INFO  testCases.TC001_AccountRegistrationTest - Validating expected message...
12:47: 21.663 [main] INFO  testCases.TC001_AccountRegistrationTest - **** Finished TC001_AccountRegistrationTest ****
12:47: 23.374 [main] INFO  testCases.TC002_LoginTest - **** Starting TC002_LoginTest ****
12:47: 24.494 [main] INFO  testCases.TC002_LoginTest - **** Finished TC002_LoginTest ****
12:50: 09.142 [main] INFO  org.testng.internal.Utils - [TestNG] Running:
  C:\Users\NIDARSHA\eclipse-workspace\OpenCartV121\grouping.xml

12:50: 11.195 [main] INFO  testCases.TC001_AccountRegistrationTest - **** Starting TC001_AccountRegistrationTest ****
12:50: 11.312 [main] INFO  testCases.TC001_AccountRegistrationTest - Clicked on MyAccount link
12:50: 11.684 [main] INFO  testCases.TC001_AccountRegistrationTest - Clicked on Register link
12:50: 11.685 [main] INFO  testCases.TC001_AccountRegistrationTest - Providing customer details
12:50: 12.746 [main] INFO  testCases.TC001_AccountRegistrationTest - Validating expected message...
12:50: 12.792 [main] INFO  testCases.TC001_AccountRegistrationTest - **** Finished TC001_AccountRegistrationTest ****
12:50: 14.626 [main] INFO  testCases.TC002_LoginTest - **** Starting TC002_LoginTest ****
12:50: 16.246 [main] INFO  testCases.TC002_LoginTest - **** Finished TC002_LoginTest ****
12:55: 40.634 [main] INFO  org.testng.internal.Utils - [TestNG] Running:
  C:\Users\NIDARSHA\eclipse-workspace\OpenCartV121\grouping.xml

12:55: 42.786 [main] INFO  testCases.TC001_AccountRegistrationTest - **** Starting TC001_AccountRegistrationTest ****
12:55: 42.901 [main] INFO  testCases.TC001_AccountRegistrationTest - Clicked on MyAccount link
12:55: 43.231 [main] INFO  testCases.TC001_AccountRegistrationTest - Clicked on Register link
12:55: 43.233 [main] INFO  testCases.TC001_AccountRegistrationTest - Providing customer details
12:55: 44.326 [main] INFO  testCases.TC001_AccountRegistrationTest - Validating expected message...
12:55: 44.359 [main] INFO  testCases.TC001_AccountRegistrationTest - **** Finished TC001_AccountRegistrationTest ****
12:55: 46.158 [main] INFO  testCases.TC002_LoginTest - **** Starting TC002_LoginTest ****
12:55: 47.228 [main] INFO  testCases.TC002_LoginTest - **** Finished TC002_LoginTest ****
12:57: 44.673 [main] INFO  org.testng.internal.Utils - [TestNG] Running:
  C:\Users\NIDARSHA\eclipse-workspace\OpenCartV121\grouping.xml

12:57: 46.868 [main] INFO  testCases.TC001_AccountRegistrationTest - **** Starting TC001_AccountRegistrationTest ****
12:57: 46.990 [main] INFO  testCases.TC001_AccountRegistrationTest - Clicked on MyAccount link
12:57: 47.338 [main] INFO  testCases.TC001_AccountRegistrationTest - Clicked on Register link
12:57: 47.342 [main] INFO  testCases.TC001_AccountRegistrationTest - Providing customer details
12:57: 48.409 [main] INFO  testCases.TC001_AccountRegistrationTest - Validating expected message...
12:57: 48.442 [main] INFO  testCases.TC001_AccountRegistrationTest - **** Finished TC001_AccountRegistrationTest ****
12:57: 50.153 [main] INFO  testCases.TC002_LoginTest - **** Starting TC002_LoginTest ****
12:57: 51.238 [main] INFO  testCases.TC002_LoginTest - **** Finished TC002_LoginTest ****
12:58: 20.907 [main] INFO  org.testng.internal.Utils - [TestNG] Running:
  C:\Users\NIDARSHA\eclipse-workspace\OpenCartV121\grouping.xml

12:58: 23.003 [main] INFO  testCases.TC001_AccountRegistrationTest - **** Starting TC001_AccountRegistrationTest ****
12:58: 23.119 [main] INFO  testCases.TC001_AccountRegistrationTest - Clicked on MyAccount link
12:58: 23.442 [main] INFO  testCases.TC001_AccountRegistrationTest - Clicked on Register link
12:58: 23.444 [main] INFO  testCases.TC001_AccountRegistrationTest - Providing customer details
12:58: 24.566 [main] INFO  testCases.TC001_AccountRegistrationTest - Validating expected message...
12:58: 24.589 [main] INFO  testCases.TC001_AccountRegistrationTest - **** Finished TC001_AccountRegistrationTest ****
12:58: 26.400 [main] INFO  testCases.TC002_LoginTest - **** Starting TC002_LoginTest ****
12:58: 27.502 [main] INFO  testCases.TC002_LoginTest - **** Finished TC002_LoginTest ****
13:00: 11.032 [main] INFO  org.testng.internal.Utils - [TestNG] Running:
  C:\Users\NIDARSHA\eclipse-workspace\OpenCartV121\grouping.xml

13:00: 13.373 [main] INFO  testCases.TC001_AccountRegistrationTest - **** Starting TC001_AccountRegistrationTest ****
13:00: 13.501 [main] INFO  testCases.TC001_AccountRegistrationTest - Clicked on MyAccount link
13:00: 13.846 [main] INFO  testCases.TC001_AccountRegistrationTest - Clicked on Register link
13:00: 13.849 [main] INFO  testCases.TC001_AccountRegistrationTest - Providing customer details
13:00: 15.301 [main] INFO  testCases.TC001_AccountRegistrationTest - Validating expected message...
13:00: 15.329 [main] INFO  testCases.TC001_AccountRegistrationTest - **** Finished TC001_AccountRegistrationTest ****
13:00: 17.091 [main] INFO  testCases.TC002_LoginTest - **** Starting TC002_LoginTest ****
13:00: 18.258 [main] INFO  testCases.TC002_LoginTest - **** Finished TC002_LoginTest ****
13:00: 52.966 [main] INFO  org.testng.internal.Utils - [TestNG] Running:
  C:\Users\NIDARSHA\eclipse-workspace\OpenCartV121\grouping.xml

13:00: 55.128 [main] INFO  testCases.TC001_AccountRegistrationTest - **** Starting TC001_AccountRegistrationTest ****
13:00: 55.252 [main] INFO  testCases.TC001_AccountRegistrationTest - Clicked on MyAccount link
13:00: 55.630 [main] INFO  testCases.TC001_AccountRegistrationTest - Clicked on Register link
13:00: 55.632 [main] INFO  testCases.TC001_AccountRegistrationTest - Providing customer details
13:00: 56.709 [main] INFO  testCases.TC001_AccountRegistrationTest - Validating expected message...
13:00: 56.737 [main] INFO  testCases.TC001_AccountRegistrationTest - **** Finished TC001_AccountRegistrationTest ****
13:00: 58.474 [main] INFO  testCases.TC002_LoginTest - **** Starting TC002_LoginTest ****
13:00: 59.915 [main] INFO  testCases.TC002_LoginTest - **** Finished TC002_LoginTest ****
13:01: 25.948 [main] INFO  org.testng.internal.Utils - [TestNG] Running:
  C:\Users\NIDARSHA\eclipse-workspace\OpenCartV121\grouping.xml

13:01: 27.981 [main] INFO  testCases.TC001_AccountRegistrationTest - **** Starting TC001_AccountRegistrationTest ****
13:01: 28.079 [main] INFO  testCases.TC001_AccountRegistrationTest - Clicked on MyAccount link
13:01: 28.383 [main] INFO  testCases.TC001_AccountRegistrationTest - Clicked on Register link
13:01: 28.384 [main] INFO  testCases.TC001_AccountRegistrationTest - Providing customer details
13:01: 29.451 [main] INFO  testCases.TC001_AccountRegistrationTest - Validating expected message...
13:01: 29.480 [main] INFO  testCases.TC001_AccountRegistrationTest - **** Finished TC001_AccountRegistrationTest ****
13:01: 31.242 [main] INFO  testCases.TC002_LoginTest - **** Starting TC002_LoginTest ****
13:01: 32.367 [main] INFO  testCases.TC002_LoginTest - **** Finished TC002_LoginTest ****
13:02: 03.093 [main] INFO  org.testng.internal.Utils - [TestNG] Running:
  C:\Users\NIDARSHA\eclipse-workspace\OpenCartV121\grouping.xml

13:02: 05.149 [main] INFO  testCases.TC001_AccountRegistrationTest - **** Starting TC001_AccountRegistrationTest ****
13:02: 05.261 [main] INFO  testCases.TC001_AccountRegistrationTest - Clicked on MyAccount link
13:02: 05.565 [main] INFO  testCases.TC001_AccountRegistrationTest - Clicked on Register link
13:02: 05.567 [main] INFO  testCases.TC001_AccountRegistrationTest - Providing customer details
13:02: 06.647 [main] INFO  testCases.TC001_AccountRegistrationTest - Validating expected message...
13:02: 06.675 [main] INFO  testCases.TC001_AccountRegistrationTest - **** Finished TC001_AccountRegistrationTest ****
13:02: 08.383 [main] INFO  testCases.TC002_LoginTest - **** Starting TC002_LoginTest ****
13:02: 09.518 [main] INFO  testCases.TC002_LoginTest - **** Finished TC002_LoginTest ****
13:03: 00.619 [main] INFO  org.testng.internal.Utils - [TestNG] Running:
  C:\Users\NIDARSHA\eclipse-workspace\OpenCartV121\grouping.xml

13:03: 02.616 [main] INFO  testCases.TC001_AccountRegistrationTest - **** Starting TC001_AccountRegistrationTest ****
13:03: 02.715 [main] INFO  testCases.TC001_AccountRegistrationTest - Clicked on MyAccount link
13:03: 03.033 [main] INFO  testCases.TC001_AccountRegistrationTest - Clicked on Register link
13:03: 03.035 [main] INFO  testCases.TC001_AccountRegistrationTest - Providing customer details
13:03: 04.086 [main] INFO  testCases.TC001_AccountRegistrationTest - Validating expected message...
13:03: 04.130 [main] INFO  testCases.TC001_AccountRegistrationTest - **** Finished TC001_AccountRegistrationTest ****
13:03: 05.898 [main] INFO  testCases.TC002_LoginTest - **** Starting TC002_LoginTest ****
13:03: 07.107 [main] INFO  testCases.TC002_LoginTest - **** Finished TC002_LoginTest ****
13:04: 05.513 [main] INFO  org.testng.internal.Utils - [TestNG] Running:
  C:\Users\NIDARSHA\eclipse-workspace\OpenCartV121\grouping.xml

13:04: 07.597 [main] INFO  testCases.TC001_AccountRegistrationTest - **** Starting TC001_AccountRegistrationTest ****
13:04: 07.712 [main] INFO  testCases.TC001_AccountRegistrationTest - Clicked on MyAccount link
13:04: 08.016 [main] INFO  testCases.TC001_AccountRegistrationTest - Clicked on Register link
13:04: 08.018 [main] INFO  testCases.TC001_AccountRegistrationTest - Providing customer details
13:04: 09.058 [main] INFO  testCases.TC001_AccountRegistrationTest - Validating expected message...
13:04: 09.115 [main] INFO  testCases.TC001_AccountRegistrationTest - **** Finished TC001_AccountRegistrationTest ****
13:04: 10.769 [main] INFO  testCases.TC002_LoginTest - **** Starting TC002_LoginTest ****
13:04: 11.880 [main] INFO  testCases.TC002_LoginTest - **** Finished TC002_LoginTest ****
13:05: 39.293 [main] INFO  org.testng.internal.Utils - [TestNG] Running:
  C:\Users\NIDARSHA\eclipse-workspace\OpenCartV121\grouping.xml

13:05: 41.362 [main] INFO  testCases.TC001_AccountRegistrationTest - **** Starting TC001_AccountRegistrationTest ****
13:05: 41.464 [main] INFO  testCases.TC001_AccountRegistrationTest - Clicked on MyAccount link
13:05: 41.770 [main] INFO  testCases.TC001_AccountRegistrationTest - Clicked on Register link
13:05: 41.772 [main] INFO  testCases.TC001_AccountRegistrationTest - Providing customer details
13:05: 42.910 [main] INFO  testCases.TC001_AccountRegistrationTest - Validating expected message...
13:05: 42.932 [main] INFO  testCases.TC001_AccountRegistrationTest - **** Finished TC001_AccountRegistrationTest ****
13:05: 44.551 [main] INFO  testCases.TC002_LoginTest - **** Starting TC002_LoginTest ****
13:05: 45.729 [main] INFO  testCases.TC002_LoginTest - **** Finished TC002_LoginTest ****
13:07: 56.759 [main] INFO  org.testng.internal.Utils - [TestNG] Running:
  C:\Users\NIDARSHA\eclipse-workspace\OpenCartV121\grouping.xml

13:07: 58.816 [main] INFO  testCases.TC001_AccountRegistrationTest - **** Starting TC001_AccountRegistrationTest ****
13:07: 58.935 [main] INFO  testCases.TC001_AccountRegistrationTest - Clicked on MyAccount link
13:07: 59.264 [main] INFO  testCases.TC001_AccountRegistrationTest - Clicked on Register link
13:07: 59.266 [main] INFO  testCases.TC001_AccountRegistrationTest - Providing customer details
13:08: 00.316 [main] INFO  testCases.TC001_AccountRegistrationTest - Validating expected message...
13:08: 00.351 [main] INFO  testCases.TC001_AccountRegistrationTest - **** Finished TC001_AccountRegistrationTest ****
13:08: 02.014 [main] INFO  testCases.TC002_LoginTest - **** Starting TC002_LoginTest ****
13:08: 03.186 [main] INFO  testCases.TC002_LoginTest - **** Finished TC002_LoginTest ****
13:08: 47.312 [main] INFO  org.testng.internal.Utils - [TestNG] Running:
  C:\Users\NIDARSHA\eclipse-workspace\OpenCartV121\grouping.xml

13:08: 49.386 [main] INFO  testCases.TC001_AccountRegistrationTest - **** Starting TC001_AccountRegistrationTest ****
13:08: 49.504 [main] INFO  testCases.TC001_AccountRegistrationTest - Clicked on MyAccount link
13:08: 49.808 [main] INFO  testCases.TC001_AccountRegistrationTest - Clicked on Register link
13:08: 49.809 [main] INFO  testCases.TC001_AccountRegistrationTest - Providing customer details
13:08: 50.840 [main] INFO  testCases.TC001_AccountRegistrationTest - Validating expected message...
13:08: 50.868 [main] INFO  testCases.TC001_AccountRegistrationTest - **** Finished TC001_AccountRegistrationTest ****
13:08: 52.550 [main] INFO  testCases.TC002_LoginTest - **** Starting TC002_LoginTest ****
13:08: 53.611 [main] INFO  testCases.TC002_LoginTest - **** Finished TC002_LoginTest ****
13:10: 10.667 [main] INFO  org.testng.internal.Utils - [TestNG] Running:
  C:\Users\NIDARSHA\eclipse-workspace\OpenCartV121\grouping.xml

13:10: 12.945 [main] INFO  testCases.TC001_AccountRegistrationTest - **** Starting TC001_AccountRegistrationTest ****
13:10: 13.067 [main] INFO  testCases.TC001_AccountRegistrationTest - Clicked on MyAccount link
13:10: 13.385 [main] INFO  testCases.TC001_AccountRegistrationTest - Clicked on Register link
13:10: 13.387 [main] INFO  testCases.TC001_AccountRegistrationTest - Providing customer details
13:10: 14.566 [main] INFO  testCases.TC001_AccountRegistrationTest - Validating expected message...
13:10: 14.595 [main] INFO  testCases.TC001_AccountRegistrationTest - **** Finished TC001_AccountRegistrationTest ****
13:10: 16.367 [main] INFO  testCases.TC002_LoginTest - **** Starting TC002_LoginTest ****
13:10: 17.733 [main] INFO  testCases.TC002_LoginTest - **** Finished TC002_LoginTest ****
13:11: 58.730 [main] INFO  org.testng.internal.Utils - [TestNG] Running:
  C:\Users\NIDARSHA\eclipse-workspace\OpenCartV121\grouping.xml

13:12: 00.967 [main] INFO  testCases.TC001_AccountRegistrationTest - **** Starting TC001_AccountRegistrationTest ****
13:12: 01.105 [main] INFO  testCases.TC001_AccountRegistrationTest - Clicked on MyAccount link
13:12: 01.462 [main] INFO  testCases.TC001_AccountRegistrationTest - Clicked on Register link
13:12: 01.463 [main] INFO  testCases.TC001_AccountRegistrationTest - Providing customer details
13:12: 02.465 [main] INFO  testCases.TC001_AccountRegistrationTest - Validating expected message...
13:12: 02.494 [main] INFO  testCases.TC001_AccountRegistrationTest - **** Finished TC001_AccountRegistrationTest ****
13:12: 04.336 [main] INFO  testCases.TC002_LoginTest - **** Starting TC002_LoginTest ****
13:12: 05.505 [main] INFO  testCases.TC002_LoginTest - **** Finished TC002_LoginTest ****
13:14: 36.422 [main] INFO  org.testng.internal.Utils - [TestNG] Running:
  C:\Users\NIDARSHA\eclipse-workspace\OpenCartV121\grouping.xml

13:14: 38.933 [main] INFO  testCases.TC001_AccountRegistrationTest - **** Starting TC001_AccountRegistrationTest ****
13:14: 39.062 [main] INFO  testCases.TC001_AccountRegistrationTest - Clicked on MyAccount link
13:14: 39.384 [main] INFO  testCases.TC001_AccountRegistrationTest - Clicked on Register link
13:14: 39.386 [main] INFO  testCases.TC001_AccountRegistrationTest - Providing customer details
13:14: 40.455 [main] INFO  testCases.TC001_AccountRegistrationTest - Validating expected message...
13:14: 40.497 [main] INFO  testCases.TC001_AccountRegistrationTest - **** Finished TC001_AccountRegistrationTest ****
13:14: 42.312 [main] INFO  testCases.TC002_LoginTest - **** Starting TC002_LoginTest ****
13:15: 58.097 [main] INFO  org.testng.internal.Utils - [TestNG] Running:
  C:\Users\NIDARSHA\eclipse-workspace\OpenCartV121\grouping.xml

13:16: 00.221 [main] INFO  testCases.TC001_AccountRegistrationTest - **** Starting TC001_AccountRegistrationTest ****
13:16: 00.333 [main] INFO  testCases.TC001_AccountRegistrationTest - Clicked on MyAccount link
13:16: 00.651 [main] INFO  testCases.TC001_AccountRegistrationTest - Clicked on Register link
13:16: 00.653 [main] INFO  testCases.TC001_AccountRegistrationTest - Providing customer details
13:16: 01.755 [main] INFO  testCases.TC001_AccountRegistrationTest - Validating expected message...
13:16: 01.784 [main] INFO  testCases.TC001_AccountRegistrationTest - **** Finished TC001_AccountRegistrationTest ****
13:16: 03.507 [main] INFO  testCases.TC002_LoginTest - **** Starting TC002_LoginTest ****
13:16: 04.623 [main] INFO  testCases.TC002_LoginTest - **** Finished TC002_LoginTest ****
13:21: 12.673 [main] INFO  org.testng.internal.Utils - [TestNG] Running:
  C:\Users\NIDARSHA\eclipse-workspace\OpenCartV121\grouping.xml

13:21: 14.863 [main] INFO  testCases.TC001_AccountRegistrationTest - **** Starting TC001_AccountRegistrationTest ****
13:21: 14.992 [main] INFO  testCases.TC001_AccountRegistrationTest - Clicked on MyAccount link
13:21: 15.304 [main] INFO  testCases.TC001_AccountRegistrationTest - Clicked on Register link
13:21: 15.305 [main] INFO  testCases.TC001_AccountRegistrationTest - Providing customer details
13:21: 16.505 [main] INFO  testCases.TC001_AccountRegistrationTest - Validating expected message...
13:21: 16.532 [main] INFO  testCases.TC001_AccountRegistrationTest - **** Finished TC001_AccountRegistrationTest ****
13:21: 18.265 [main] INFO  testCases.TC002_LoginTest - **** Starting TC002_LoginTest ****
13:21: 19.324 [main] INFO  testCases.TC002_LoginTest - **** Finished TC002_LoginTest ****
13:29: 55.494 [main] INFO  org.testng.internal.Utils - [TestNG] Running:
  C:\Users\NIDARSHA\eclipse-workspace\OpenCartV121\master.xml

13:29: 57.909 [main] INFO  testCases.TC001_AccountRegistrationTest - **** Starting TC001_AccountRegistrationTest ****
13:29: 58.046 [main] INFO  testCases.TC001_AccountRegistrationTest - Clicked on MyAccount link
13:29: 58.362 [main] INFO  testCases.TC001_AccountRegistrationTest - Clicked on Register link
13:29: 58.365 [main] INFO  testCases.TC001_AccountRegistrationTest - Providing customer details
13:29: 59.389 [main] INFO  testCases.TC001_AccountRegistrationTest - Validating expected message...
13:29: 59.442 [main] INFO  testCases.TC001_AccountRegistrationTest - **** Finished TC001_AccountRegistrationTest ****
13:30: 03.101 [main] INFO  testCases.TC002_LoginTest - **** Starting TC002_LoginTest ****
13:30: 08.028 [main] INFO  testCases.TC002_LoginTest - **** Finished TC002_LoginTest ****
13:30: 49.573 [main] INFO  org.testng.internal.Utils - [TestNG] Running:
  C:\Users\NIDARSHA\eclipse-workspace\OpenCartV121\master.xml

13:30: 51.630 [main] INFO  testCases.TC001_AccountRegistrationTest - **** Starting TC001_AccountRegistrationTest ****
13:30: 51.732 [main] INFO  testCases.TC001_AccountRegistrationTest - Clicked on MyAccount link
13:30: 52.039 [main] INFO  testCases.TC001_AccountRegistrationTest - Clicked on Register link
13:30: 52.041 [main] INFO  testCases.TC001_AccountRegistrationTest - Providing customer details
13:30: 53.222 [main] INFO  testCases.TC001_AccountRegistrationTest - Validating expected message...
13:30: 53.257 [main] INFO  testCases.TC001_AccountRegistrationTest - **** Finished TC001_AccountRegistrationTest ****
13:30: 54.948 [main] INFO  testCases.TC002_LoginTest - **** Starting TC002_LoginTest ****
13:33: 51.501 [main] INFO  org.testng.internal.Utils - [TestNG] Running:
  C:\Users\NIDARSHA\eclipse-workspace\OpenCartV121\test-output\testng-failed.xml

13:33: 53.683 [main] INFO  testCases.TC002_LoginTest - **** Starting TC002_LoginTest ****
13:33: 55.249 [main] INFO  testCases.TC002_LoginTest - **** Finished TC002_LoginTest ****
13:34: 35.226 [main] INFO  org.testng.internal.Utils - [TestNG] Running:
  C:\Users\NIDARSHA\eclipse-workspace\OpenCartV121\test-output\testng-failed.xml

13:34: 37.321 [main] INFO  testCases.TC002_LoginTest - **** Starting TC002_LoginTest ****
13:34: 38.488 [main] INFO  testCases.TC002_LoginTest - **** Finished TC002_LoginTest ****
13:36: 14.669 [main] INFO  org.testng.internal.Utils - [TestNG] Running:
  C:\Users\NIDARSHA\eclipse-workspace\OpenCartV121\master.xml

13:36: 16.863 [main] INFO  testCases.TC001_AccountRegistrationTest - **** Starting TC001_AccountRegistrationTest ****
13:36: 16.990 [main] INFO  testCases.TC001_AccountRegistrationTest - Clicked on MyAccount link
13:36: 17.320 [main] INFO  testCases.TC001_AccountRegistrationTest - Clicked on Register link
13:36: 17.322 [main] INFO  testCases.TC001_AccountRegistrationTest - Providing customer details
13:36: 18.459 [main] INFO  testCases.TC001_AccountRegistrationTest - Validating expected message...
13:36: 18.492 [main] ERROR testCases.TC001_AccountRegistrationTest - Test failed..
13:36: 20.495 [main] INFO  testCases.TC002_LoginTest - **** Starting TC002_LoginTest ****
13:36: 21.630 [main] INFO  testCases.TC002_LoginTest - **** Finished TC002_LoginTest ****
13:37: 14.113 [main] INFO  org.testng.internal.Utils - [TestNG] Running:
  C:\Users\NIDARSHA\eclipse-workspace\OpenCartV121\test-output\testng-failed.xml

13:37: 16.263 [main] INFO  testCases.TC001_AccountRegistrationTest - **** Starting TC001_AccountRegistrationTest ****
13:37: 16.396 [main] INFO  testCases.TC001_AccountRegistrationTest - Clicked on MyAccount link
13:37: 16.777 [main] INFO  testCases.TC001_AccountRegistrationTest - Clicked on Register link
13:37: 16.779 [main] INFO  testCases.TC001_AccountRegistrationTest - Providing customer details
13:37: 18.024 [main] INFO  testCases.TC001_AccountRegistrationTest - Validating expected message...
13:37: 18.052 [main] INFO  testCases.TC001_AccountRegistrationTest - **** Finished TC001_AccountRegistrationTest ****
13:37: 51.933 [main] INFO  org.testng.internal.Utils - [TestNG] Running:
  C:\Users\NIDARSHA\eclipse-workspace\OpenCartV121\master.xml

13:37: 54.127 [main] INFO  testCases.TC001_AccountRegistrationTest - **** Starting TC001_AccountRegistrationTest ****
13:37: 54.236 [main] INFO  testCases.TC001_AccountRegistrationTest - Clicked on MyAccount link
13:37: 54.571 [main] INFO  testCases.TC001_AccountRegistrationTest - Clicked on Register link
13:37: 54.572 [main] INFO  testCases.TC001_AccountRegistrationTest - Providing customer details
13:37: 55.616 [main] INFO  testCases.TC001_AccountRegistrationTest - Validating expected message...
13:37: 55.647 [main] INFO  testCases.TC001_AccountRegistrationTest - **** Finished TC001_AccountRegistrationTest ****
13:37: 57.486 [main] INFO  testCases.TC002_LoginTest - **** Starting TC002_LoginTest ****
13:37: 58.682 [main] INFO  testCases.TC002_LoginTest - **** Finished TC002_LoginTest ****
16:56: 46.871 [main] INFO  org.testng.internal.Utils - [TestNG] Running:
  C:\Users\NIDARSHA\eclipse-workspace\OpenCartV121\master.xml

16:56: 52.224 [main] INFO  testCases.TC001_AccountRegistrationTest - **** Starting TC001_AccountRegistrationTest ****
16:56: 52.472 [main] INFO  testCases.TC001_AccountRegistrationTest - Clicked on MyAccount link
16:56: 52.884 [main] INFO  testCases.TC001_AccountRegistrationTest - Clicked on Register link
16:56: 52.924 [main] INFO  testCases.TC001_AccountRegistrationTest - Providing customer details
16:56: 54.589 [main] INFO  testCases.TC001_AccountRegistrationTest - Validating expected message...
16:56: 54.655 [main] INFO  testCases.TC001_AccountRegistrationTest - **** Finished TC001_AccountRegistrationTest ****
16:56: 57.321 [main] INFO  testCases.TC002_LoginTest - **** Starting TC002_LoginTest ****
16:56: 58.755 [main] INFO  testCases.TC002_LoginTest - **** Finished TC002_LoginTest ****
16:58: 18.793 [main] INFO  org.testng.internal.Utils - [TestNG] Running:
  C:\Users\NIDARSHA\eclipse-workspace\OpenCartV121\master.xml

16:58: 23.964 [main] INFO  testCases.TC001_AccountRegistrationTest - **** Starting TC001_AccountRegistrationTest ****
16:58: 24.175 [main] INFO  testCases.TC001_AccountRegistrationTest - Clicked on MyAccount link
16:58: 24.647 [main] INFO  testCases.TC001_AccountRegistrationTest - Clicked on Register link
16:58: 24.647 [main] INFO  testCases.TC001_AccountRegistrationTest - Providing customer details
16:58: 26.026 [main] INFO  testCases.TC001_AccountRegistrationTest - Validating expected message...
16:58: 26.212 [main] INFO  testCases.TC001_AccountRegistrationTest - **** Finished TC001_AccountRegistrationTest ****
16:58: 29.424 [main] INFO  testCases.TC002_LoginTest - **** Starting TC002_LoginTest ****
16:58: 30.984 [main] INFO  testCases.TC002_LoginTest - **** Finished TC002_LoginTest ****
16:58: 54.579 [main] INFO  org.testng.internal.Utils - [TestNG] Running:
  C:\Users\NIDARSHA\eclipse-workspace\OpenCartV121\master.xml

16:58: 57.712 [main] INFO  testCases.TC001_AccountRegistrationTest - **** Starting TC001_AccountRegistrationTest ****
16:58: 57.901 [main] INFO  testCases.TC001_AccountRegistrationTest - Clicked on MyAccount link
16:58: 58.382 [main] INFO  testCases.TC001_AccountRegistrationTest - Clicked on Register link
16:58: 58.382 [main] INFO  testCases.TC001_AccountRegistrationTest - Providing customer details
16:58: 59.764 [main] INFO  testCases.TC001_AccountRegistrationTest - Validating expected message...
16:58: 59.815 [main] INFO  testCases.TC001_AccountRegistrationTest - **** Finished TC001_AccountRegistrationTest ****
16:59: 02.548 [main] INFO  testCases.TC002_LoginTest - **** Starting TC002_LoginTest ****
16:59: 04.278 [main] INFO  testCases.TC002_LoginTest - **** Finished TC002_LoginTest ****
17:01: 01.686 [main] INFO  org.testng.internal.Utils - [TestNG] Running:
  C:\Users\NIDARSHA\eclipse-workspace\OpenCartV121\crossBrowserAndParallelTesting.xml

17:01: 01.973 [TestNG-tests-3] INFO  testCases.TC001_AccountRegistrationTest - **** Starting TC001_AccountRegistrationTest ****
17:01: 02.045 [TestNG-tests-3] ERROR testCases.TC001_AccountRegistrationTest - Cannot invoke "org.openqa.selenium.SearchContext.findElement(org.openqa.selenium.By)" because "this.searchContext" is null
17:01: 05.309 [TestNG-tests-1] INFO  testCases.TC001_AccountRegistrationTest - **** Starting TC001_AccountRegistrationTest ****
17:01: 05.460 [TestNG-tests-1] INFO  testCases.TC001_AccountRegistrationTest - Clicked on MyAccount link
17:01: 05.887 [TestNG-tests-1] INFO  testCases.TC001_AccountRegistrationTest - Clicked on Register link
17:01: 05.894 [TestNG-tests-1] INFO  testCases.TC001_AccountRegistrationTest - Providing customer details
17:01: 07.599 [TestNG-tests-1] INFO  testCases.TC001_AccountRegistrationTest - Validating expected message...
17:01: 07.651 [TestNG-tests-1] INFO  testCases.TC001_AccountRegistrationTest - **** Finished TC001_AccountRegistrationTest ****
17:01: 10.391 [TestNG-tests-2] INFO  testCases.TC001_AccountRegistrationTest - **** Starting TC001_AccountRegistrationTest ****
17:01: 10.550 [TestNG-tests-2] INFO  testCases.TC001_AccountRegistrationTest - Clicked on MyAccount link
17:01: 10.980 [TestNG-tests-2] INFO  testCases.TC001_AccountRegistrationTest - Clicked on Register link
17:01: 10.980 [TestNG-tests-2] INFO  testCases.TC001_AccountRegistrationTest - Providing customer details
17:01: 12.545 [TestNG-tests-2] INFO  testCases.TC001_AccountRegistrationTest - Validating expected message...
17:01: 12.594 [TestNG-tests-2] INFO  testCases.TC001_AccountRegistrationTest - **** Finished TC001_AccountRegistrationTest ****
17:01: 25.202 [main] INFO  org.testng.internal.Utils - [TestNG] Running:
  C:\Users\NIDARSHA\eclipse-workspace\OpenCartV121\crossBrowserAndParallelTesting.xml

17:01: 25.620 [TestNG-tests-3] INFO  testCases.TC001_AccountRegistrationTest - **** Starting TC001_AccountRegistrationTest ****
17:01: 25.655 [TestNG-tests-3] ERROR testCases.TC001_AccountRegistrationTest - Cannot invoke "org.openqa.selenium.SearchContext.findElement(org.openqa.selenium.By)" because "this.searchContext" is null
17:01: 31.838 [TestNG-tests-1] INFO  testCases.TC001_AccountRegistrationTest - **** Starting TC001_AccountRegistrationTest ****
17:01: 31.841 [TestNG-tests-2] INFO  testCases.TC001_AccountRegistrationTest - **** Starting TC001_AccountRegistrationTest ****
17:01: 32.022 [TestNG-tests-1] INFO  testCases.TC001_AccountRegistrationTest - Clicked on MyAccount link
17:01: 32.152 [TestNG-tests-2] INFO  testCases.TC001_AccountRegistrationTest - Clicked on MyAccount link
17:01: 42.310 [TestNG-tests-1] ERROR testCases.TC001_AccountRegistrationTest - element not interactable
  (Session info: MicrosoftEdge=133.0.3065.69)
Build info: version: '4.28.1', revision: '73f5ad48a2'
System info: os.name: 'Windows 11', os.arch: 'amd64', os.version: '10.0', java.version: '23.0.1'
Driver info: org.openqa.selenium.remote.RemoteWebDriver
Command: [75e007b9c49f1c9ab5b3e2fd16db245a, clickElement {id=f.FAFBBC8C2B92786F3ACDB41E17AD8604.d.8E32F88DBF6CB03F923701D4C112D51D.e.122}]
Capabilities {acceptInsecureCerts: false, browserName: MicrosoftEdge, browserVersion: 133.0.3065.69, fedcm:accounts: true, ms:edgeOptions: {debuggerAddress: localhost:58768}, msedge: {msedgedriverVersion: 133.0.3065.69 (c3f010c11f3e..., userDataDir: C:\Users\NIDARSHA\AppData\L...}, networkConnectionEnabled: false, pageLoadStrategy: normal, platformName: Windows 11, proxy: Proxy(), se:bidiEnabled: false, se:cdp: ws://192.168.100.48:4444/se..., se:cdpVersion: 133.0.3065.69, setWindowRect: true, strictFileInteractability: false, timeouts: {implicit: 0, pageLoad: 300000, script: 30000}, unhandledPromptBehavior: dismiss and notify, webauthn:extension:credBlob: true, webauthn:extension:largeBlob: true, webauthn:extension:minPinLength: true, webauthn:extension:prf: true, webauthn:virtualAuthenticators: true}
Element: [[RemoteWebDriver: MicrosoftEdge on Windows 11 (75e007b9c49f1c9ab5b3e2fd16db245a)] -> xpath: //a[text()='Register']]
Session ID: 75e007b9c49f1c9ab5b3e2fd16db245a
17:01: 52.341 [TestNG-tests-2] ERROR testCases.TC001_AccountRegistrationTest - element not interactable
  (Session info: MicrosoftEdge=133.0.3065.69)
Build info: version: '4.28.1', revision: '73f5ad48a2'
System info: os.name: 'Windows 11', os.arch: 'amd64', os.version: '10.0', java.version: '23.0.1'
Driver info: org.openqa.selenium.remote.RemoteWebDriver
Command: [75e007b9c49f1c9ab5b3e2fd16db245a, clickElement {id=f.FAFBBC8C2B92786F3ACDB41E17AD8604.d.8E32F88DBF6CB03F923701D4C112D51D.e.122}]
Capabilities {acceptInsecureCerts: false, browserName: MicrosoftEdge, browserVersion: 133.0.3065.69, fedcm:accounts: true, ms:edgeOptions: {debuggerAddress: localhost:58768}, msedge: {msedgedriverVersion: 133.0.3065.69 (c3f010c11f3e..., userDataDir: C:\Users\NIDARSHA\AppData\L...}, networkConnectionEnabled: false, pageLoadStrategy: normal, platformName: Windows 11, proxy: Proxy(), se:bidiEnabled: false, se:cdp: ws://192.168.100.48:4444/se..., se:cdpVersion: 133.0.3065.69, setWindowRect: true, strictFileInteractability: false, timeouts: {implicit: 0, pageLoad: 300000, script: 30000}, unhandledPromptBehavior: dismiss and notify, webauthn:extension:credBlob: true, webauthn:extension:largeBlob: true, webauthn:extension:minPinLength: true, webauthn:extension:prf: true, webauthn:virtualAuthenticators: true}
Element: [[RemoteWebDriver: MicrosoftEdge on Windows 11 (75e007b9c49f1c9ab5b3e2fd16db245a)] -> xpath: //a[text()='Register']]
Session ID: 75e007b9c49f1c9ab5b3e2fd16db245a
17:02: 19.624 [main] INFO  org.testng.internal.Utils - [TestNG] Running:
  C:\Users\NIDARSHA\eclipse-workspace\OpenCartV121\crossBrowserAndParallelTesting.xml

17:02: 25.141 [TestNG-tests-2] INFO  testCases.TC001_AccountRegistrationTest - **** Starting TC001_AccountRegistrationTest ****
17:02: 25.141 [TestNG-tests-1] INFO  testCases.TC001_AccountRegistrationTest - **** Starting TC001_AccountRegistrationTest ****
17:02: 25.309 [TestNG-tests-1] INFO  testCases.TC001_AccountRegistrationTest - Clicked on MyAccount link
17:02: 25.404 [TestNG-tests-2] INFO  testCases.TC001_AccountRegistrationTest - Clicked on MyAccount link
17:02: 35.468 [TestNG-tests-1] ERROR testCases.TC001_AccountRegistrationTest - element not interactable
  (Session info: MicrosoftEdge=133.0.3065.69)
Build info: version: '4.28.1', revision: '73f5ad48a2'
System info: os.name: 'Windows 11', os.arch: 'amd64', os.version: '10.0', java.version: '23.0.1'
Driver info: org.openqa.selenium.remote.RemoteWebDriver
Command: [c15919249b77b5e69031abd01804ec23, clickElement {id=f.6494357E65802EBED56B67A89A9CC3F5.d.B27CB0DE8E72176945AF417BFDA4657E.e.86}]
Capabilities {acceptInsecureCerts: false, browserName: MicrosoftEdge, browserVersion: 133.0.3065.69, fedcm:accounts: true, ms:edgeOptions: {debuggerAddress: localhost:58833}, msedge: {msedgedriverVersion: 133.0.3065.69 (c3f010c11f3e..., userDataDir: C:\Users\NIDARSHA\AppData\L...}, networkConnectionEnabled: false, pageLoadStrategy: normal, platformName: Windows 11, proxy: Proxy(), se:bidiEnabled: false, se:cdp: ws://192.168.100.48:4444/se..., se:cdpVersion: 133.0.3065.69, setWindowRect: true, strictFileInteractability: false, timeouts: {implicit: 0, pageLoad: 300000, script: 30000}, unhandledPromptBehavior: dismiss and notify, webauthn:extension:credBlob: true, webauthn:extension:largeBlob: true, webauthn:extension:minPinLength: true, webauthn:extension:prf: true, webauthn:virtualAuthenticators: true}
Element: [[RemoteWebDriver: MicrosoftEdge on Windows 11 (c15919249b77b5e69031abd01804ec23)] -> xpath: //a[text()='Register']]
Session ID: c15919249b77b5e69031abd01804ec23
17:02: 45.502 [TestNG-tests-2] ERROR testCases.TC001_AccountRegistrationTest - element not interactable
  (Session info: MicrosoftEdge=133.0.3065.69)
Build info: version: '4.28.1', revision: '73f5ad48a2'
System info: os.name: 'Windows 11', os.arch: 'amd64', os.version: '10.0', java.version: '23.0.1'
Driver info: org.openqa.selenium.remote.RemoteWebDriver
Command: [c15919249b77b5e69031abd01804ec23, clickElement {id=f.6494357E65802EBED56B67A89A9CC3F5.d.B27CB0DE8E72176945AF417BFDA4657E.e.86}]
Capabilities {acceptInsecureCerts: false, browserName: MicrosoftEdge, browserVersion: 133.0.3065.69, fedcm:accounts: true, ms:edgeOptions: {debuggerAddress: localhost:58833}, msedge: {msedgedriverVersion: 133.0.3065.69 (c3f010c11f3e..., userDataDir: C:\Users\NIDARSHA\AppData\L...}, networkConnectionEnabled: false, pageLoadStrategy: normal, platformName: Windows 11, proxy: Proxy(), se:bidiEnabled: false, se:cdp: ws://192.168.100.48:4444/se..., se:cdpVersion: 133.0.3065.69, setWindowRect: true, strictFileInteractability: false, timeouts: {implicit: 0, pageLoad: 300000, script: 30000}, unhandledPromptBehavior: dismiss and notify, webauthn:extension:credBlob: true, webauthn:extension:largeBlob: true, webauthn:extension:minPinLength: true, webauthn:extension:prf: true, webauthn:virtualAuthenticators: true}
Element: [[RemoteWebDriver: MicrosoftEdge on Windows 11 (c15919249b77b5e69031abd01804ec23)] -> xpath: //a[text()='Register']]
Session ID: c15919249b77b5e69031abd01804ec23
17:04: 14.791 [main] INFO  org.testng.internal.Utils - [TestNG] Running:
  C:\Users\NIDARSHA\eclipse-workspace\OpenCartV121\crossBrowserAndParallelTesting.xml

17:04: 18.182 [TestNG-tests-2] INFO  testCases.TC001_AccountRegistrationTest - **** Starting TC001_AccountRegistrationTest ****
17:04: 18.182 [TestNG-tests-1] INFO  testCases.TC001_AccountRegistrationTest - **** Starting TC001_AccountRegistrationTest ****
17:04: 18.425 [TestNG-tests-1] INFO  testCases.TC001_AccountRegistrationTest - Clicked on MyAccount link
17:04: 18.514 [TestNG-tests-2] INFO  testCases.TC001_AccountRegistrationTest - Clicked on MyAccount link
17:04: 22.905 [TestNG-tests-3] INFO  testCases.TC001_AccountRegistrationTest - **** Starting TC001_AccountRegistrationTest ****
17:04: 23.219 [TestNG-tests-3] INFO  testCases.TC001_AccountRegistrationTest - Clicked on MyAccount link
17:04: 23.787 [TestNG-tests-3] INFO  testCases.TC001_AccountRegistrationTest - Clicked on Register link
17:04: 23.788 [TestNG-tests-3] INFO  testCases.TC001_AccountRegistrationTest - Providing customer details
17:04: 25.061 [TestNG-tests-3] INFO  testCases.TC001_AccountRegistrationTest - Validating expected message...
17:04: 25.092 [TestNG-tests-3] INFO  testCases.TC001_AccountRegistrationTest - **** Finished TC001_AccountRegistrationTest ****
17:04: 28.604 [TestNG-tests-1] ERROR testCases.TC001_AccountRegistrationTest - element not interactable
  (Session info: chrome=133.0.6943.100)
Build info: version: '4.28.1', revision: '73f5ad48a2'
System info: os.name: 'Windows 11', os.arch: 'amd64', os.version: '10.0', java.version: '23.0.1'
Driver info: org.openqa.selenium.chrome.ChromeDriver
Command: [0d5a54c32012e7bc6627d8c5003cefbe, clickElement {id=f.1763C12E03357A3B94B10F2CEC2751BA.d.FD752B580D2D98F4DB3FFA648EE9BCEB.e.25}]
Capabilities {acceptInsecureCerts: false, browserName: chrome, browserVersion: 133.0.6943.100, chrome: {chromedriverVersion: 133.0.6943.126 (cffa127ce7b..., userDataDir: C:\Users\NIDARSHA\AppData\L...}, fedcm:accounts: true, goog:chromeOptions: {debuggerAddress: localhost:58943}, networkConnectionEnabled: false, pageLoadStrategy: normal, platformName: windows, proxy: Proxy(), se:cdp: ws://localhost:58943/devtoo..., se:cdpVersion: 133.0.6943.100, setWindowRect: true, strictFileInteractability: false, timeouts: {implicit: 0, pageLoad: 300000, script: 30000}, unhandledPromptBehavior: dismiss and notify, webauthn:extension:credBlob: true, webauthn:extension:largeBlob: true, webauthn:extension:minPinLength: true, webauthn:extension:prf: true, webauthn:virtualAuthenticators: true}
Element: [[ChromeDriver: chrome on windows (0d5a54c32012e7bc6627d8c5003cefbe)] -> xpath: //a[text()='Register']]
Session ID: 0d5a54c32012e7bc6627d8c5003cefbe
17:04: 38.627 [TestNG-tests-2] ERROR testCases.TC001_AccountRegistrationTest - element not interactable
  (Session info: chrome=133.0.6943.100)
Build info: version: '4.28.1', revision: '73f5ad48a2'
System info: os.name: 'Windows 11', os.arch: 'amd64', os.version: '10.0', java.version: '23.0.1'
Driver info: org.openqa.selenium.chrome.ChromeDriver
Command: [0d5a54c32012e7bc6627d8c5003cefbe, clickElement {id=f.1763C12E03357A3B94B10F2CEC2751BA.d.FD752B580D2D98F4DB3FFA648EE9BCEB.e.25}]
Capabilities {acceptInsecureCerts: false, browserName: chrome, browserVersion: 133.0.6943.100, chrome: {chromedriverVersion: 133.0.6943.126 (cffa127ce7b..., userDataDir: C:\Users\NIDARSHA\AppData\L...}, fedcm:accounts: true, goog:chromeOptions: {debuggerAddress: localhost:58943}, networkConnectionEnabled: false, pageLoadStrategy: normal, platformName: windows, proxy: Proxy(), se:cdp: ws://localhost:58943/devtoo..., se:cdpVersion: 133.0.6943.100, setWindowRect: true, strictFileInteractability: false, timeouts: {implicit: 0, pageLoad: 300000, script: 30000}, unhandledPromptBehavior: dismiss and notify, webauthn:extension:credBlob: true, webauthn:extension:largeBlob: true, webauthn:extension:minPinLength: true, webauthn:extension:prf: true, webauthn:virtualAuthenticators: true}
Element: [[ChromeDriver: chrome on windows (0d5a54c32012e7bc6627d8c5003cefbe)] -> xpath: //a[text()='Register']]
Session ID: 0d5a54c32012e7bc6627d8c5003cefbe
17:05: 25.921 [main] INFO  org.testng.internal.Utils - [TestNG] Running:
  C:\Users\NIDARSHA\eclipse-workspace\OpenCartV121\crossBrowserAndParallelTesting.xml

17:05: 28.192 [TestNG-tests-1] INFO  testCases.TC001_AccountRegistrationTest - **** Starting TC001_AccountRegistrationTest ****
17:05: 28.412 [TestNG-tests-1] INFO  testCases.TC001_AccountRegistrationTest - Clicked on MyAccount link
17:05: 29.168 [TestNG-tests-1] INFO  testCases.TC001_AccountRegistrationTest - Clicked on Register link
17:05: 29.170 [TestNG-tests-1] INFO  testCases.TC001_AccountRegistrationTest - Providing customer details
17:05: 30.120 [TestNG-tests-2] INFO  testCases.TC001_AccountRegistrationTest - **** Starting TC001_AccountRegistrationTest ****
17:05: 30.265 [TestNG-tests-2] INFO  testCases.TC001_AccountRegistrationTest - Clicked on MyAccount link
17:05: 30.738 [TestNG-tests-2] INFO  testCases.TC001_AccountRegistrationTest - Clicked on Register link
17:05: 30.739 [TestNG-tests-2] INFO  testCases.TC001_AccountRegistrationTest - Providing customer details
17:05: 30.867 [TestNG-tests-1] INFO  testCases.TC001_AccountRegistrationTest - Validating expected message...
17:05: 30.941 [TestNG-tests-1] INFO  testCases.TC001_AccountRegistrationTest - **** Finished TC001_AccountRegistrationTest ****
17:05: 31.123 [TestNG-tests-2] ERROR testCases.TC001_AccountRegistrationTest - Build info: version: '4.28.1', revision: '73f5ad48a2'
System info: os.name: 'Windows 11', os.arch: 'amd64', os.version: '10.0', java.version: '23.0.1'
Driver info: org.openqa.selenium.edge.EdgeDriver
Command: [4c01203cb2b2840359a17a1fa1c83531, findElement {value=//input[@id='input-email'], using=xpath}]
Capabilities {acceptInsecureCerts: false, browserName: MicrosoftEdge, browserVersion: 133.0.3065.69, fedcm:accounts: true, ms:edgeOptions: {debuggerAddress: localhost:59099}, msedge: {msedgedriverVersion: 133.0.3065.69 (c3f010c11f3e..., userDataDir: C:\Users\NIDARSHA\AppData\L...}, networkConnectionEnabled: false, pageLoadStrategy: normal, platformName: windows, proxy: Proxy(), se:cdp: ws://localhost:59099/devtoo..., se:cdpVersion: 133.0.3065.69, setWindowRect: true, strictFileInteractability: false, timeouts: {implicit: 0, pageLoad: 300000, script: 30000}, unhandledPromptBehavior: dismiss and notify, webauthn:extension:credBlob: true, webauthn:extension:largeBlob: true, webauthn:extension:minPinLength: true, webauthn:extension:prf: true, webauthn:virtualAuthenticators: true}
Session ID: 4c01203cb2b2840359a17a1fa1c83531
17:05: 32.700 [TestNG-tests-3] INFO  testCases.TC001_AccountRegistrationTest - **** Starting TC001_AccountRegistrationTest ****
17:05: 33.765 [TestNG-tests-3] ERROR testCases.TC001_AccountRegistrationTest - Tried to run command without establishing a connection
Build info: version: '4.28.1', revision: '73f5ad48a2'
System info: os.name: 'Windows 11', os.arch: 'amd64', os.version: '10.0', java.version: '23.0.1'
Driver info: org.openqa.selenium.firefox.FirefoxDriver
Command: [236c039e-6223-46eb-945e-5dcc11c397df, findElement {value=[title='My Account'], using=css selector}]
Capabilities {acceptInsecureCerts: true, browserName: firefox, browserVersion: 135.0, moz:accessibilityChecks: false, moz:buildID: 20250130195129, moz:debuggerAddress: 127.0.0.1:14441, moz:geckodriverVersion: 0.35.0, moz:headless: false, moz:platformVersion: 10.0, moz:processID: 23604, moz:profile: C:\Users\NIDARSHA\AppData\L..., moz:shutdownTimeout: 60000, moz:webdriverClick: true, moz:windowless: false, pageLoadStrategy: normal, platformName: windows, proxy: Proxy(), se:cdp: ws://127.0.0.1:14441/devtoo..., se:cdpVersion: 85.0, setWindowRect: true, strictFileInteractability: false, timeouts: {implicit: 0, pageLoad: 300000, script: 30000}, unhandledPromptBehavior: dismiss and notify, userAgent: Mozilla/5.0 (Windows NT 10....}
Session ID: 236c039e-6223-46eb-945e-5dcc11c397df
17:06: 19.231 [main] INFO  org.testng.internal.Utils - [TestNG] Running:
  C:\Users\NIDARSHA\eclipse-workspace\OpenCartV121\crossBrowserAndParallelTesting.xml

17:06: 21.680 [TestNG-tests-1] INFO  testCases.TC001_AccountRegistrationTest - **** Starting TC001_AccountRegistrationTest ****
17:06: 21.844 [TestNG-tests-1] INFO  testCases.TC001_AccountRegistrationTest - Clicked on MyAccount link
17:06: 22.272 [TestNG-tests-1] INFO  testCases.TC001_AccountRegistrationTest - Clicked on Register link
17:06: 22.277 [TestNG-tests-1] INFO  testCases.TC001_AccountRegistrationTest - Providing customer details
17:06: 25.119 [TestNG-tests-2] INFO  testCases.TC001_AccountRegistrationTest - **** Starting TC001_AccountRegistrationTest ****
17:06: 25.466 [TestNG-tests-2] INFO  testCases.TC001_AccountRegistrationTest - Clicked on MyAccount link
17:06: 26.522 [TestNG-tests-1] INFO  testCases.TC001_AccountRegistrationTest - Validating expected message...
17:06: 26.636 [TestNG-tests-1] INFO  testCases.TC001_AccountRegistrationTest - **** Finished TC001_AccountRegistrationTest ****
17:06: 26.771 [TestNG-tests-2] INFO  testCases.TC001_AccountRegistrationTest - Clicked on Register link
17:06: 26.772 [TestNG-tests-2] INFO  testCases.TC001_AccountRegistrationTest - Providing customer details
17:06: 26.996 [TestNG-tests-2] ERROR testCases.TC001_AccountRegistrationTest - Build info: version: '4.28.1', revision: '73f5ad48a2'
System info: os.name: 'Windows 11', os.arch: 'amd64', os.version: '10.0', java.version: '23.0.1'
Driver info: org.openqa.selenium.edge.EdgeDriver
Command: [df90cf73e69d5ad10e0015a286204f6f, findElement {value=//input[@id='input-firstname'], using=xpath}]
Capabilities {acceptInsecureCerts: false, browserName: MicrosoftEdge, browserVersion: 133.0.3065.69, fedcm:accounts: true, ms:edgeOptions: {debuggerAddress: localhost:59193}, msedge: {msedgedriverVersion: 133.0.3065.69 (c3f010c11f3e..., userDataDir: C:\Users\NIDARSHA\AppData\L...}, networkConnectionEnabled: false, pageLoadStrategy: normal, platformName: windows, proxy: Proxy(), se:cdp: ws://localhost:59193/devtoo..., se:cdpVersion: 133.0.3065.69, setWindowRect: true, strictFileInteractability: false, timeouts: {implicit: 0, pageLoad: 300000, script: 30000}, unhandledPromptBehavior: dismiss and notify, webauthn:extension:credBlob: true, webauthn:extension:largeBlob: true, webauthn:extension:minPinLength: true, webauthn:extension:prf: true, webauthn:virtualAuthenticators: true}
Session ID: df90cf73e69d5ad10e0015a286204f6f
17:06: 30.266 [TestNG-tests-3] INFO  testCases.TC001_AccountRegistrationTest - **** Starting TC001_AccountRegistrationTest ****
17:06: 30.666 [TestNG-tests-3] INFO  testCases.TC001_AccountRegistrationTest - Clicked on MyAccount link
17:06: 31.588 [TestNG-tests-3] INFO  testCases.TC001_AccountRegistrationTest - Clicked on Register link
17:06: 31.590 [TestNG-tests-3] INFO  testCases.TC001_AccountRegistrationTest - Providing customer details
17:06: 33.216 [TestNG-tests-3] INFO  testCases.TC001_AccountRegistrationTest - Validating expected message...
17:06: 33.265 [TestNG-tests-3] INFO  testCases.TC001_AccountRegistrationTest - **** Finished TC001_AccountRegistrationTest ****
17:06: 59.599 [main] INFO  org.testng.internal.Utils - [TestNG] Running:
  C:\Users\NIDARSHA\eclipse-workspace\OpenCartV121\crossBrowserAndParallelTesting.xml

17:07: 02.059 [TestNG-tests-1] INFO  testCases.TC001_AccountRegistrationTest - **** Starting TC001_AccountRegistrationTest ****
17:07: 02.242 [TestNG-tests-1] INFO  testCases.TC001_AccountRegistrationTest - Clicked on MyAccount link
17:07: 02.775 [TestNG-tests-1] INFO  testCases.TC001_AccountRegistrationTest - Clicked on Register link
17:07: 02.784 [TestNG-tests-1] INFO  testCases.TC001_AccountRegistrationTest - Providing customer details
17:07: 04.399 [TestNG-tests-2] INFO  testCases.TC001_AccountRegistrationTest - **** Starting TC001_AccountRegistrationTest ****
17:07: 04.554 [TestNG-tests-2] INFO  testCases.TC001_AccountRegistrationTest - Clicked on MyAccount link
17:07: 05.037 [TestNG-tests-1] INFO  testCases.TC001_AccountRegistrationTest - Validating expected message...
17:07: 05.086 [TestNG-tests-2] INFO  testCases.TC001_AccountRegistrationTest - Clicked on Register link
17:07: 05.087 [TestNG-tests-2] INFO  testCases.TC001_AccountRegistrationTest - Providing customer details
17:07: 05.137 [TestNG-tests-1] INFO  testCases.TC001_AccountRegistrationTest - **** Finished TC001_AccountRegistrationTest ****
17:07: 05.443 [TestNG-tests-2] ERROR testCases.TC001_AccountRegistrationTest - Build info: version: '4.28.1', revision: '73f5ad48a2'
System info: os.name: 'Windows 11', os.arch: 'amd64', os.version: '10.0', java.version: '23.0.1'
Driver info: org.openqa.selenium.edge.EdgeDriver
Command: [7e675eec4bc1212e7406ad13b4efddcc, findElement {using=xpath, value=//input[@id='input-lastname']}]
Capabilities {acceptInsecureCerts: false, browserName: MicrosoftEdge, browserVersion: 133.0.3065.69, fedcm:accounts: true, ms:edgeOptions: {debuggerAddress: localhost:59300}, msedge: {msedgedriverVersion: 133.0.3065.69 (c3f010c11f3e..., userDataDir: C:\Users\NIDARSHA\AppData\L...}, networkConnectionEnabled: false, pageLoadStrategy: normal, platformName: windows, proxy: Proxy(), se:cdp: ws://localhost:59300/devtoo..., se:cdpVersion: 133.0.3065.69, setWindowRect: true, strictFileInteractability: false, timeouts: {implicit: 0, pageLoad: 300000, script: 30000}, unhandledPromptBehavior: dismiss and notify, webauthn:extension:credBlob: true, webauthn:extension:largeBlob: true, webauthn:extension:minPinLength: true, webauthn:extension:prf: true, webauthn:virtualAuthenticators: true}
Session ID: 7e675eec4bc1212e7406ad13b4efddcc
17:07: 07.455 [TestNG-tests-3] INFO  testCases.TC001_AccountRegistrationTest - **** Starting TC001_AccountRegistrationTest ****
17:07: 07.841 [TestNG-tests-3] INFO  testCases.TC001_AccountRegistrationTest - Clicked on MyAccount link
17:07: 08.483 [TestNG-tests-3] INFO  testCases.TC001_AccountRegistrationTest - Clicked on Register link
17:07: 08.484 [TestNG-tests-3] INFO  testCases.TC001_AccountRegistrationTest - Providing customer details
17:07: 09.944 [TestNG-tests-3] INFO  testCases.TC001_AccountRegistrationTest - Validating expected message...
17:07: 10.045 [TestNG-tests-3] INFO  testCases.TC001_AccountRegistrationTest - **** Finished TC001_AccountRegistrationTest ****
17:08: 09.363 [main] INFO  org.testng.internal.Utils - [TestNG] Running:
  C:\Users\NIDARSHA\eclipse-workspace\OpenCartV121\crossBrowserAndParallelTesting.xml

17:08: 11.959 [TestNG-tests-1] INFO  testCases.TC001_AccountRegistrationTest - **** Starting TC001_AccountRegistrationTest ****
17:08: 12.188 [TestNG-tests-1] INFO  testCases.TC001_AccountRegistrationTest - Clicked on MyAccount link
17:08: 13.343 [TestNG-tests-1] INFO  testCases.TC001_AccountRegistrationTest - Clicked on Register link
17:08: 13.349 [TestNG-tests-1] INFO  testCases.TC001_AccountRegistrationTest - Providing customer details
17:08: 15.450 [TestNG-tests-2] INFO  testCases.TC001_AccountRegistrationTest - **** Starting TC001_AccountRegistrationTest ****
17:08: 15.451 [TestNG-tests-3] INFO  testCases.TC001_AccountRegistrationTest - **** Starting TC001_AccountRegistrationTest ****
