18:05: 44.175 [main] INFO  testCases.TC001_AccountRegistrationTest - **** Starting TC001_AccountRegistrationTest ****
18:05: 44.460 [main] INFO  testCases.TC001_AccountRegistrationTest - Clicked on MyAccount link
18:05: 44.751 [main] INFO  testCases.TC001_AccountRegistrationTest - Clicked on Register link
18:05: 44.755 [main] INFO  testCases.TC001_AccountRegistrationTest - Providing customer details
18:05: 45.784 [main] INFO  testCases.TC001_AccountRegistrationTest - Validating expected message...
18:05: 45.824 [main] INFO  testCases.TC001_AccountRegistrationTest - **** Finished TC001_AccountRegistrationTest ****
18:05: 51.169 [main] INFO  testCases.TC002_LoginTest - **** Starting TC002_LoginTest ****
18:05: 52.725 [main] INFO  testCases.TC002_LoginTest - **** Finished TC002_LoginTest ****
18:06: 23.847 [main] INFO  org.testng.internal.Utils - [TestNG] Running:
  C:\Users\NIDARSHA\eclipse-workspace\OpenCartV121\grid-docker.xml

18:06: 27.933 [main] INFO  testCases.TC001_AccountRegistrationTest - **** Starting TC001_AccountRegistrationTest ****
18:06: 28.205 [main] INFO  testCases.TC001_AccountRegistrationTest - Clicked on MyAccount link
18:06: 28.915 [main] INFO  testCases.TC001_AccountRegistrationTest - Clicked on Register link
18:06: 28.917 [main] INFO  testCases.TC001_AccountRegistrationTest - Providing customer details
18:06: 30.043 [main] INFO  testCases.TC001_AccountRegistrationTest - Validating expected message...
18:06: 30.074 [main] INFO  testCases.TC001_AccountRegistrationTest - **** Finished TC001_AccountRegistrationTest ****
18:06: 33.969 [main] INFO  testCases.TC002_LoginTest - **** Starting TC002_LoginTest ****
18:06: 35.429 [main] INFO  testCases.TC002_LoginTest - **** Finished TC002_LoginTest ****
18:07: 59.587 [main] INFO  org.testng.internal.Utils - [TestNG] Running:
  C:\Users\NIDARSHA\eclipse-workspace\OpenCartV121\grid-docker.xml

18:08: 05.167 [main] INFO  testCases.TC001_AccountRegistrationTest - **** Starting TC001_AccountRegistrationTest ****
18:08: 05.378 [main] INFO  testCases.TC001_AccountRegistrationTest - Clicked on MyAccount link
18:08: 05.844 [main] INFO  testCases.TC001_AccountRegistrationTest - Clicked on Register link
18:08: 05.848 [main] INFO  testCases.TC001_AccountRegistrationTest - Providing customer details
18:08: 07.196 [main] INFO  testCases.TC001_AccountRegistrationTest - Validating expected message...
18:08: 07.285 [main] INFO  testCases.TC001_AccountRegistrationTest - **** Finished TC001_AccountRegistrationTest ****
18:08: 09.654 [main] INFO  testCases.TC002_LoginTest - **** Starting TC002_LoginTest ****
18:08: 11.586 [main] INFO  testCases.TC002_LoginTest - **** Finished TC002_LoginTest ****
18:09: 16.361 [main] INFO  org.testng.internal.Utils - [TestNG] Running:
  C:\Users\NIDARSHA\eclipse-workspace\OpenCartV121\grid-docker.xml

18:09: 18.736 [main] INFO  testCases.TC001_AccountRegistrationTest - **** Starting TC001_AccountRegistrationTest ****
18:09: 18.885 [main] INFO  testCases.TC001_AccountRegistrationTest - Clicked on MyAccount link
18:09: 19.221 [main] INFO  testCases.TC001_AccountRegistrationTest - Clicked on Register link
18:09: 19.223 [main] INFO  testCases.TC001_AccountRegistrationTest - Providing customer details
18:09: 20.372 [main] INFO  testCases.TC001_AccountRegistrationTest - Validating expected message...
18:09: 20.430 [main] INFO  testCases.TC001_AccountRegistrationTest - **** Finished TC001_AccountRegistrationTest ****
18:09: 21.654 [main] INFO  testCases.TC002_LoginTest - **** Starting TC002_LoginTest ****
18:09: 22.827 [main] INFO  testCases.TC002_LoginTest - **** Finished TC002_LoginTest ****
18:09: 32.428 [main] INFO  testCases.TC001_AccountRegistrationTest - **** Starting TC001_AccountRegistrationTest ****
18:09: 33.003 [main] INFO  testCases.TC001_AccountRegistrationTest - Clicked on MyAccount link
18:09: 34.057 [main] INFO  testCases.TC001_AccountRegistrationTest - Clicked on Register link
18:09: 34.058 [main] INFO  testCases.TC001_AccountRegistrationTest - Providing customer details
18:09: 35.593 [main] INFO  testCases.TC001_AccountRegistrationTest - Validating expected message...
18:09: 35.649 [main] INFO  testCases.TC001_AccountRegistrationTest - **** Finished TC001_AccountRegistrationTest ****
18:09: 42.774 [main] INFO  testCases.TC002_LoginTest - **** Starting TC002_LoginTest ****
18:09: 44.856 [main] INFO  testCases.TC002_LoginTest - **** Finished TC002_LoginTest ****
18:11: 27.813 [main] INFO  org.testng.internal.Utils - [TestNG] Running:
  C:\Users\NIDARSHA\eclipse-workspace\OpenCartV121\grid-docker.xml

18:13: 07.148 [main] INFO  org.testng.internal.Utils - [TestNG] Running:
  C:\Users\NIDARSHA\eclipse-workspace\OpenCartV121\grid-docker.xml

18:13: 54.358 [main] INFO  org.testng.internal.Utils - [TestNG] Running:
  C:\Users\NIDARSHA\eclipse-workspace\OpenCartV121\grid-docker.xml

18:14: 00.791 [main] INFO  testCases.TC001_AccountRegistrationTest - **** Starting TC001_AccountRegistrationTest ****
18:14: 00.950 [main] INFO  testCases.TC001_AccountRegistrationTest - Clicked on MyAccount link
18:14: 01.324 [main] INFO  testCases.TC001_AccountRegistrationTest - Clicked on Register link
18:14: 01.328 [main] INFO  testCases.TC001_AccountRegistrationTest - Providing customer details
18:14: 02.638 [main] INFO  testCases.TC001_AccountRegistrationTest - Validating expected message...
18:14: 02.690 [main] INFO  testCases.TC001_AccountRegistrationTest - **** Finished TC001_AccountRegistrationTest ****
18:14: 03.866 [main] INFO  testCases.TC002_LoginTest - **** Starting TC002_LoginTest ****
18:14: 05.116 [main] INFO  testCases.TC002_LoginTest - **** Finished TC002_LoginTest ****
18:43: 11.606 [main] INFO  org.testng.internal.Utils - [TestNG] Running:
  C:\Users\NIDARSHA\eclipse-workspace\OpenCartV121\grid-docker.xml

18:43: 17.341 [main] INFO  testCases.TC001_AccountRegistrationTest - **** Starting TC001_AccountRegistrationTest ****
18:43: 17.534 [main] INFO  testCases.TC001_AccountRegistrationTest - Clicked on MyAccount link
18:43: 18.353 [main] INFO  testCases.TC001_AccountRegistrationTest - Clicked on Register link
18:43: 18.354 [main] INFO  testCases.TC001_AccountRegistrationTest - Providing customer details
18:43: 20.047 [main] INFO  testCases.TC001_AccountRegistrationTest - Validating expected message...
18:43: 20.121 [main] INFO  testCases.TC001_AccountRegistrationTest - **** Finished TC001_AccountRegistrationTest ****
18:43: 22.683 [main] INFO  testCases.TC002_LoginTest - **** Starting TC002_LoginTest ****
18:43: 23.904 [main] INFO  testCases.TC002_LoginTest - **** Finished TC002_LoginTest ****
12:00: 00.175 [main] INFO  org.testng.internal.Utils - [TestNG] Running:
  C:\Users\NIDARSHA\eclipse-workspace\OpenCartV121\grid-docker.xml

12:00: 04.678 [main] INFO  testCases.TC001_AccountRegistrationTest - **** Starting TC001_AccountRegistrationTest ****
12:00: 04.954 [main] INFO  testCases.TC001_AccountRegistrationTest - Clicked on MyAccount link
12:00: 05.374 [main] INFO  testCases.TC001_AccountRegistrationTest - Clicked on Register link
12:00: 05.391 [main] INFO  testCases.TC001_AccountRegistrationTest - Providing customer details
12:00: 07.082 [main] INFO  testCases.TC001_AccountRegistrationTest - Validating expected message...
12:00: 07.191 [main] INFO  testCases.TC001_AccountRegistrationTest - **** Finished TC001_AccountRegistrationTest ****
12:00: 08.652 [main] INFO  testCases.TC002_LoginTest - **** Starting TC002_LoginTest ****
12:00: 10.270 [main] INFO  testCases.TC002_LoginTest - **** Finished TC002_LoginTest ****
10:52: 16.157 [main] INFO  testCases.TC001_AccountRegistrationTest - **** Starting TC001_AccountRegistrationTest ****
10:52: 16.311 [main] INFO  testCases.TC001_AccountRegistrationTest - Clicked on MyAccount link
10:52: 16.584 [main] INFO  testCases.TC001_AccountRegistrationTest - Clicked on Register link
10:52: 16.601 [main] INFO  testCases.TC001_AccountRegistrationTest - Providing customer details
10:52: 17.564 [main] INFO  testCases.TC001_AccountRegistrationTest - Validating expected message...
10:52: 17.611 [main] INFO  testCases.TC001_AccountRegistrationTest - **** Finished TC001_AccountRegistrationTest ****
10:52: 19.270 [main] INFO  testCases.TC002_LoginTest - **** Starting TC002_LoginTest ****
10:52: 20.326 [main] INFO  testCases.TC002_LoginTest - **** Finished TC002_LoginTest ****
13:02: 29.679 [main] INFO  testCases.TC001_AccountRegistrationTest - **** Starting TC001_AccountRegistrationTest ****
13:02: 29.801 [main] INFO  testCases.TC001_AccountRegistrationTest - Clicked on MyAccount link
13:02: 30.150 [main] INFO  testCases.TC001_AccountRegistrationTest - Clicked on Register link
13:02: 30.152 [main] INFO  testCases.TC001_AccountRegistrationTest - Providing customer details
13:02: 31.464 [main] INFO  testCases.TC001_AccountRegistrationTest - Validating expected message...
13:02: 31.574 [main] INFO  testCases.TC001_AccountRegistrationTest - **** Finished TC001_AccountRegistrationTest ****
13:02: 33.380 [main] INFO  testCases.TC002_LoginTest - **** Starting TC002_LoginTest ****
13:02: 34.530 [main] INFO  testCases.TC002_LoginTest - **** Finished TC002_LoginTest ****
13:03: 11.131 [main] INFO  testCases.TC001_AccountRegistrationTest - **** Starting TC001_AccountRegistrationTest ****
13:03: 11.258 [main] INFO  testCases.TC001_AccountRegistrationTest - Clicked on MyAccount link
13:03: 11.568 [main] INFO  testCases.TC001_AccountRegistrationTest - Clicked on Register link
13:03: 11.570 [main] INFO  testCases.TC001_AccountRegistrationTest - Providing customer details
13:03: 12.703 [main] INFO  testCases.TC001_AccountRegistrationTest - Validating expected message...
13:03: 12.732 [main] INFO  testCases.TC001_AccountRegistrationTest - **** Finished TC001_AccountRegistrationTest ****
13:03: 14.472 [main] INFO  testCases.TC002_LoginTest - **** Starting TC002_LoginTest ****
13:03: 15.565 [main] INFO  testCases.TC002_LoginTest - **** Finished TC002_LoginTest ****
13:13: 04.623 [main] INFO  testCases.TC001_AccountRegistrationTest - **** Starting TC001_AccountRegistrationTest ****
13:13: 04.796 [main] INFO  testCases.TC001_AccountRegistrationTest - Clicked on MyAccount link
13:13: 05.143 [main] INFO  testCases.TC001_AccountRegistrationTest - Clicked on Register link
13:13: 05.147 [main] INFO  testCases.TC001_AccountRegistrationTest - Providing customer details
13:13: 06.860 [main] INFO  testCases.TC001_AccountRegistrationTest - Validating expected message...
13:13: 06.891 [main] INFO  testCases.TC001_AccountRegistrationTest - **** Finished TC001_AccountRegistrationTest ****
13:13: 08.611 [main] INFO  testCases.TC002_LoginTest - **** Starting TC002_LoginTest ****
13:13: 09.781 [main] INFO  testCases.TC002_LoginTest - **** Finished TC002_LoginTest ****
