17:08: 15.904 [TestNG-tests-2] INFO  testCases.TC001_AccountRegistrationTest - Clicked on MyAccount link
17:08: 16.118 [TestNG-tests-3] INFO  testCases.TC001_AccountRegistrationTest - Clicked on MyAccount link
17:08: 16.142 [TestNG-tests-3] ERROR testCases.TC001_AccountRegistrationTest - Element <a href="https://tutorialsninja.com/demo/index.php?route=account/register"> could not be scrolled into view
Build info: version: '4.28.1', revision: '73f5ad48a2'
System info: os.name: 'Windows 11', os.arch: 'amd64', os.version: '10.0', java.version: '23.0.1'
Driver info: org.openqa.selenium.firefox.FirefoxDriver
Command: [2152e0d8-31d2-4983-8f4a-d778e6584b69, clickElement {id=af8f73a3-9d90-4e0d-a02e-e9e6d033245c}]
Capabilities {acceptInsecureCerts: true, browserName: firefox, browserVersion: 135.0, moz:accessibilityChecks: false, moz:buildID: 20250130195129, moz:debuggerAddress: 127.0.0.1:23665, moz:geckodriverVersion: 0.35.0, moz:headless: false, moz:platformVersion: 10.0, moz:processID: 9112, moz:profile: C:\Users\NIDARSHA\AppData\L..., moz:shutdownTimeout: 60000, moz:webdriverClick: true, moz:windowless: false, pageLoadStrategy: normal, platformName: windows, proxy: Proxy(), se:cdp: ws://127.0.0.1:23665/devtoo..., se:cdpVersion: 85.0, setWindowRect: true, strictFileInteractability: false, timeouts: {implicit: 0, pageLoad: 300000, script: 30000}, unhandledPromptBehavior: dismiss and notify, userAgent: Mozilla/5.0 (Windows NT 10....}
Element: [[FirefoxDriver: firefox on windows (2152e0d8-31d2-4983-8f4a-d778e6584b69)] -> xpath: //a[text()='Register']]
Session ID: 2152e0d8-31d2-4983-8f4a-d778e6584b69
17:08: 16.142 [TestNG-tests-2] ERROR testCases.TC001_AccountRegistrationTest - Element <a href="https://tutorialsninja.com/demo/index.php?route=account/register"> could not be scrolled into view
Build info: version: '4.28.1', revision: '73f5ad48a2'
System info: os.name: 'Windows 11', os.arch: 'amd64', os.version: '10.0', java.version: '23.0.1'
Driver info: org.openqa.selenium.firefox.FirefoxDriver
Command: [2152e0d8-31d2-4983-8f4a-d778e6584b69, clickElement {id=af8f73a3-9d90-4e0d-a02e-e9e6d033245c}]
Capabilities {acceptInsecureCerts: true, browserName: firefox, browserVersion: 135.0, moz:accessibilityChecks: false, moz:buildID: 20250130195129, moz:debuggerAddress: 127.0.0.1:23665, moz:geckodriverVersion: 0.35.0, moz:headless: false, moz:platformVersion: 10.0, moz:processID: 9112, moz:profile: C:\Users\NIDARSHA\AppData\L..., moz:shutdownTimeout: 60000, moz:webdriverClick: true, moz:windowless: false, pageLoadStrategy: normal, platformName: windows, proxy: Proxy(), se:cdp: ws://127.0.0.1:23665/devtoo..., se:cdpVersion: 85.0, setWindowRect: true, strictFileInteractability: false, timeouts: {implicit: 0, pageLoad: 300000, script: 30000}, unhandledPromptBehavior: dismiss and notify, userAgent: Mozilla/5.0 (Windows NT 10....}
Element: [[FirefoxDriver: firefox on windows (2152e0d8-31d2-4983-8f4a-d778e6584b69)] -> xpath: //a[text()='Register']]
Session ID: 2152e0d8-31d2-4983-8f4a-d778e6584b69
17:08: 24.068 [TestNG-tests-1] ERROR testCases.TC001_AccountRegistrationTest - no such element: Unable to locate element: {"method":"xpath","selector":"//input[@id='input-firstname']"}
  (Session info: MicrosoftEdge=133.0.3065.69)
For documentation on this error, please visit: https://www.selenium.dev/documentation/webdriver/troubleshooting/errors#no-such-element-exception
Build info: version: '4.28.1', revision: '73f5ad48a2'
System info: os.name: 'Windows 11', os.arch: 'amd64', os.version: '10.0', java.version: '23.0.1'
Driver info: org.openqa.selenium.edge.EdgeDriver
Command: [9f29f18f699d24995f46a0c43fd87c11, findElement {value=//input[@id='input-firstname'], using=xpath}]
Capabilities {acceptInsecureCerts: false, browserName: MicrosoftEdge, browserVersion: 133.0.3065.69, fedcm:accounts: true, ms:edgeOptions: {debuggerAddress: localhost:59400}, msedge: {msedgedriverVersion: 133.0.3065.69 (c3f010c11f3e..., userDataDir: C:\Users\NIDARSHA\AppData\L...}, networkConnectionEnabled: false, pageLoadStrategy: normal, platformName: windows, proxy: Proxy(), se:cdp: ws://localhost:59400/devtoo..., se:cdpVersion: 133.0.3065.69, setWindowRect: true, strictFileInteractability: false, timeouts: {implicit: 0, pageLoad: 300000, script: 30000}, unhandledPromptBehavior: dismiss and notify, webauthn:extension:credBlob: true, webauthn:extension:largeBlob: true, webauthn:extension:minPinLength: true, webauthn:extension:prf: true, webauthn:virtualAuthenticators: true}
Session ID: 9f29f18f699d24995f46a0c43fd87c11
17:09: 16.451 [main] INFO  org.testng.internal.Utils - [TestNG] Running:
  C:\Users\NIDARSHA\eclipse-workspace\OpenCartV121\crossBrowserAndParallelTesting.xml

17:09: 18.777 [main] INFO  testCases.TC001_AccountRegistrationTest - **** Starting TC001_AccountRegistrationTest ****
17:09: 18.919 [main] INFO  testCases.TC001_AccountRegistrationTest - Clicked on MyAccount link
17:09: 19.242 [main] INFO  testCases.TC001_AccountRegistrationTest - Clicked on Register link
17:09: 19.245 [main] INFO  testCases.TC001_AccountRegistrationTest - Providing customer details
17:09: 20.343 [main] INFO  testCases.TC001_AccountRegistrationTest - Validating expected message...
17:09: 20.371 [main] INFO  testCases.TC001_AccountRegistrationTest - **** Finished TC001_AccountRegistrationTest ****
17:09: 24.347 [main] INFO  testCases.TC001_AccountRegistrationTest - **** Starting TC001_AccountRegistrationTest ****
17:09: 24.443 [main] INFO  testCases.TC001_AccountRegistrationTest - Clicked on MyAccount link
17:09: 24.782 [main] INFO  testCases.TC001_AccountRegistrationTest - Clicked on Register link
17:09: 24.783 [main] INFO  testCases.TC001_AccountRegistrationTest - Providing customer details
17:09: 25.943 [main] INFO  testCases.TC001_AccountRegistrationTest - Validating expected message...
17:09: 26.023 [main] INFO  testCases.TC001_AccountRegistrationTest - **** Finished TC001_AccountRegistrationTest ****
17:09: 31.354 [main] INFO  testCases.TC001_AccountRegistrationTest - **** Starting TC001_AccountRegistrationTest ****
17:09: 31.680 [main] INFO  testCases.TC001_AccountRegistrationTest - Clicked on MyAccount link
17:09: 32.062 [main] INFO  testCases.TC001_AccountRegistrationTest - Clicked on Register link
17:09: 32.062 [main] INFO  testCases.TC001_AccountRegistrationTest - Providing customer details
17:09: 33.073 [main] INFO  testCases.TC001_AccountRegistrationTest - Validating expected message...
17:09: 33.087 [main] INFO  testCases.TC001_AccountRegistrationTest - **** Finished TC001_AccountRegistrationTest ****
17:10: 08.186 [main] INFO  org.testng.internal.Utils - [TestNG] Running:
  C:\Users\NIDARSHA\eclipse-workspace\OpenCartV121\master.xml

17:10: 10.519 [main] INFO  testCases.TC001_AccountRegistrationTest - **** Starting TC001_AccountRegistrationTest ****
17:10: 10.683 [main] INFO  testCases.TC001_AccountRegistrationTest - Clicked on MyAccount link
17:10: 11.054 [main] INFO  testCases.TC001_AccountRegistrationTest - Clicked on Register link
17:10: 11.056 [main] INFO  testCases.TC001_AccountRegistrationTest - Providing customer details
17:10: 12.162 [main] INFO  testCases.TC001_AccountRegistrationTest - Validating expected message...
17:10: 12.224 [main] INFO  testCases.TC001_AccountRegistrationTest - **** Finished TC001_AccountRegistrationTest ****
17:10: 14.057 [main] INFO  testCases.TC002_LoginTest - **** Starting TC002_LoginTest ****
17:10: 15.965 [main] INFO  testCases.TC002_LoginTest - **** Finished TC002_LoginTest ****
17:10: 48.830 [main] INFO  org.testng.internal.Utils - [TestNG] Running:
  C:\Users\NIDARSHA\eclipse-workspace\OpenCartV121\master.xml

17:10: 51.561 [main] INFO  testCases.TC001_AccountRegistrationTest - **** Starting TC001_AccountRegistrationTest ****
17:10: 51.708 [main] INFO  testCases.TC001_AccountRegistrationTest - Clicked on MyAccount link
17:10: 52.213 [main] INFO  testCases.TC001_AccountRegistrationTest - Clicked on Register link
17:10: 52.216 [main] INFO  testCases.TC001_AccountRegistrationTest - Providing customer details
17:10: 53.170 [main] INFO  testCases.TC001_AccountRegistrationTest - Validating expected message...
17:10: 53.206 [main] INFO  testCases.TC001_AccountRegistrationTest - **** Finished TC001_AccountRegistrationTest ****
17:10: 55.147 [main] INFO  testCases.TC002_LoginTest - **** Starting TC002_LoginTest ****
17:10: 56.627 [main] INFO  testCases.TC002_LoginTest - **** Finished TC002_LoginTest ****
17:11: 26.202 [main] INFO  org.testng.internal.Utils - [TestNG] Running:
  C:\Users\NIDARSHA\eclipse-workspace\OpenCartV121\crossBrowserAndParallelTesting.xml

17:11: 28.689 [main] INFO  testCases.TC001_AccountRegistrationTest - **** Starting TC001_AccountRegistrationTest ****
17:11: 28.800 [main] INFO  testCases.TC001_AccountRegistrationTest - Clicked on MyAccount link
17:11: 29.260 [main] INFO  testCases.TC001_AccountRegistrationTest - Clicked on Register link
17:11: 29.263 [main] INFO  testCases.TC001_AccountRegistrationTest - Providing customer details
17:11: 30.278 [main] INFO  testCases.TC001_AccountRegistrationTest - Validating expected message...
17:11: 30.314 [main] INFO  testCases.TC001_AccountRegistrationTest - **** Finished TC001_AccountRegistrationTest ****
17:11: 34.832 [main] INFO  testCases.TC001_AccountRegistrationTest - **** Starting TC001_AccountRegistrationTest ****
17:11: 34.944 [main] INFO  testCases.TC001_AccountRegistrationTest - Clicked on MyAccount link
17:11: 35.376 [main] INFO  testCases.TC001_AccountRegistrationTest - Clicked on Register link
17:11: 35.376 [main] INFO  testCases.TC001_AccountRegistrationTest - Providing customer details
17:11: 36.539 [main] INFO  testCases.TC001_AccountRegistrationTest - Validating expected message...
17:11: 36.587 [main] INFO  testCases.TC001_AccountRegistrationTest - **** Finished TC001_AccountRegistrationTest ****
17:11: 37.997 [main] INFO  testCases.TC001_AccountRegistrationTest - **** Starting TC001_AccountRegistrationTest ****
17:11: 38.000 [main] ERROR testCases.TC001_AccountRegistrationTest - Session ID is null. Using WebDriver after calling quit()?
Build info: version: '4.28.1', revision: '73f5ad48a2'
System info: os.name: 'Windows 11', os.arch: 'amd64', os.version: '10.0', java.version: '23.0.1'
Driver info: org.openqa.selenium.remote.RemoteWebDriver
Command: [null, findElement {value=[title='My Account'], using=css selector}]
Capabilities {acceptInsecureCerts: false, browserName: MicrosoftEdge, browserVersion: 133.0.3065.69, fedcm:accounts: true, ms:edgeOptions: {debuggerAddress: localhost:59692}, msedge: {msedgedriverVersion: 133.0.3065.69 (c3f010c11f3e..., userDataDir: C:\Users\NIDARSHA\AppData\L...}, networkConnectionEnabled: false, pageLoadStrategy: normal, platformName: Windows 11, proxy: Proxy(), se:bidiEnabled: false, se:cdp: ws://192.168.100.48:4444/se..., se:cdpVersion: 133.0.3065.69, setWindowRect: true, strictFileInteractability: false, timeouts: {implicit: 0, pageLoad: 300000, script: 30000}, unhandledPromptBehavior: dismiss and notify, webauthn:extension:credBlob: true, webauthn:extension:largeBlob: true, webauthn:extension:minPinLength: true, webauthn:extension:prf: true, webauthn:virtualAuthenticators: true}
17:12: 39.985 [main] INFO  org.testng.internal.Utils - [TestNG] Running:
  C:\Users\NIDARSHA\eclipse-workspace\OpenCartV121\master.xml

17:12: 43.072 [main] INFO  testCases.TC001_AccountRegistrationTest - **** Starting TC001_AccountRegistrationTest ****
17:12: 43.218 [main] INFO  testCases.TC001_AccountRegistrationTest - Clicked on MyAccount link
17:12: 43.586 [main] INFO  testCases.TC001_AccountRegistrationTest - Clicked on Register link
17:12: 43.587 [main] INFO  testCases.TC001_AccountRegistrationTest - Providing customer details
17:12: 44.628 [main] INFO  testCases.TC001_AccountRegistrationTest - Validating expected message...
17:12: 44.663 [main] INFO  testCases.TC001_AccountRegistrationTest - **** Finished TC001_AccountRegistrationTest ****
17:12: 47.108 [main] INFO  testCases.TC002_LoginTest - **** Starting TC002_LoginTest ****
17:12: 48.345 [main] INFO  testCases.TC002_LoginTest - **** Finished TC002_LoginTest ****
17:12: 59.766 [main] INFO  org.testng.internal.Utils - [TestNG] Running:
  C:\Users\NIDARSHA\eclipse-workspace\OpenCartV121\crossBrowserAndParallelTesting.xml

17:13: 02.012 [main] INFO  testCases.TC001_AccountRegistrationTest - **** Starting TC001_AccountRegistrationTest ****
17:13: 02.139 [main] INFO  testCases.TC001_AccountRegistrationTest - Clicked on MyAccount link
17:13: 02.483 [main] INFO  testCases.TC001_AccountRegistrationTest - Clicked on Register link
17:13: 02.485 [main] INFO  testCases.TC001_AccountRegistrationTest - Providing customer details
17:13: 03.508 [main] INFO  testCases.TC001_AccountRegistrationTest - Validating expected message...
17:13: 03.543 [main] INFO  testCases.TC001_AccountRegistrationTest - **** Finished TC001_AccountRegistrationTest ****
17:13: 07.470 [main] INFO  testCases.TC001_AccountRegistrationTest - **** Starting TC001_AccountRegistrationTest ****
17:13: 07.579 [main] INFO  testCases.TC001_AccountRegistrationTest - Clicked on MyAccount link
17:13: 07.990 [main] INFO  testCases.TC001_AccountRegistrationTest - Clicked on Register link
17:13: 07.991 [main] INFO  testCases.TC001_AccountRegistrationTest - Providing customer details
17:13: 09.213 [main] INFO  testCases.TC001_AccountRegistrationTest - Validating expected message...
17:13: 09.246 [main] INFO  testCases.TC001_AccountRegistrationTest - **** Finished TC001_AccountRegistrationTest ****
17:13: 10.648 [main] INFO  testCases.TC001_AccountRegistrationTest - **** Starting TC001_AccountRegistrationTest ****
17:13: 10.654 [main] ERROR testCases.TC001_AccountRegistrationTest - Session ID is null. Using WebDriver after calling quit()?
Build info: version: '4.28.1', revision: '73f5ad48a2'
System info: os.name: 'Windows 11', os.arch: 'amd64', os.version: '10.0', java.version: '23.0.1'
Driver info: org.openqa.selenium.remote.RemoteWebDriver
Command: [null, findElement {using=css selector, value=[title='My Account']}]
Capabilities {acceptInsecureCerts: false, browserName: MicrosoftEdge, browserVersion: 133.0.3065.69, fedcm:accounts: true, ms:edgeOptions: {debuggerAddress: localhost:59793}, msedge: {msedgedriverVersion: 133.0.3065.69 (c3f010c11f3e..., userDataDir: C:\Users\NIDARSHA\AppData\L...}, networkConnectionEnabled: false, pageLoadStrategy: normal, platformName: Windows 11, proxy: Proxy(), se:bidiEnabled: false, se:cdp: ws://192.168.100.48:4444/se..., se:cdpVersion: 133.0.3065.69, setWindowRect: true, strictFileInteractability: false, timeouts: {implicit: 0, pageLoad: 300000, script: 30000}, unhandledPromptBehavior: dismiss and notify, webauthn:extension:credBlob: true, webauthn:extension:largeBlob: true, webauthn:extension:minPinLength: true, webauthn:extension:prf: true, webauthn:virtualAuthenticators: true}
17:13: 59.408 [main] INFO  org.testng.internal.Utils - [TestNG] Running:
  C:\Users\NIDARSHA\eclipse-workspace\OpenCartV121\crossBrowserAndParallelTesting.xml

17:13: 59.639 [TestNG-tests-3] INFO  testCases.TC001_AccountRegistrationTest - **** Starting TC001_AccountRegistrationTest ****
17:13: 59.663 [TestNG-tests-3] ERROR testCases.TC001_AccountRegistrationTest - Cannot invoke "org.openqa.selenium.SearchContext.findElement(org.openqa.selenium.By)" because "this.searchContext" is null
17:14: 02.998 [TestNG-tests-1] INFO  testCases.TC001_AccountRegistrationTest - **** Starting TC001_AccountRegistrationTest ****
17:14: 03.859 [TestNG-tests-2] INFO  testCases.TC001_AccountRegistrationTest - **** Starting TC001_AccountRegistrationTest ****
17:14: 03.943 [TestNG-tests-1] INFO  testCases.TC001_AccountRegistrationTest - Clicked on MyAccount link
17:14: 04.026 [TestNG-tests-2] INFO  testCases.TC001_AccountRegistrationTest - Clicked on MyAccount link
17:14: 14.088 [TestNG-tests-1] ERROR testCases.TC001_AccountRegistrationTest - element not interactable
  (Session info: MicrosoftEdge=133.0.3065.69)
Build info: version: '4.28.1', revision: '73f5ad48a2'
System info: os.name: 'Windows 11', os.arch: 'amd64', os.version: '10.0', java.version: '23.0.1'
Driver info: org.openqa.selenium.remote.RemoteWebDriver
Command: [032d37a44eb5a39397ba010df06f7f7b, clickElement {id=f.FD1B080003CC91A13223FA074F79B0FC.d.23BBDCC9F437E2B81B0BF9C3D6CB710D.e.62}]
Capabilities {acceptInsecureCerts: false, browserName: MicrosoftEdge, browserVersion: 133.0.3065.69, fedcm:accounts: true, ms:edgeOptions: {debuggerAddress: localhost:59845}, msedge: {msedgedriverVersion: 133.0.3065.69 (c3f010c11f3e..., userDataDir: C:\Users\NIDARSHA\AppData\L...}, networkConnectionEnabled: false, pageLoadStrategy: normal, platformName: Windows 11, proxy: Proxy(), se:bidiEnabled: false, se:cdp: ws://192.168.100.48:4444/se..., se:cdpVersion: 133.0.3065.69, setWindowRect: true, strictFileInteractability: false, timeouts: {implicit: 0, pageLoad: 300000, script: 30000}, unhandledPromptBehavior: dismiss and notify, webauthn:extension:credBlob: true, webauthn:extension:largeBlob: true, webauthn:extension:minPinLength: true, webauthn:extension:prf: true, webauthn:virtualAuthenticators: true}
Element: [[RemoteWebDriver: MicrosoftEdge on Windows 11 (032d37a44eb5a39397ba010df06f7f7b)] -> xpath: //a[text()='Register']]
Session ID: 032d37a44eb5a39397ba010df06f7f7b
17:14: 24.136 [TestNG-tests-2] ERROR testCases.TC001_AccountRegistrationTest - element not interactable
  (Session info: MicrosoftEdge=133.0.3065.69)
Build info: version: '4.28.1', revision: '73f5ad48a2'
System info: os.name: 'Windows 11', os.arch: 'amd64', os.version: '10.0', java.version: '23.0.1'
Driver info: org.openqa.selenium.remote.RemoteWebDriver
Command: [032d37a44eb5a39397ba010df06f7f7b, clickElement {id=f.FD1B080003CC91A13223FA074F79B0FC.d.23BBDCC9F437E2B81B0BF9C3D6CB710D.e.62}]
Capabilities {acceptInsecureCerts: false, browserName: MicrosoftEdge, browserVersion: 133.0.3065.69, fedcm:accounts: true, ms:edgeOptions: {debuggerAddress: localhost:59845}, msedge: {msedgedriverVersion: 133.0.3065.69 (c3f010c11f3e..., userDataDir: C:\Users\NIDARSHA\AppData\L...}, networkConnectionEnabled: false, pageLoadStrategy: normal, platformName: Windows 11, proxy: Proxy(), se:bidiEnabled: false, se:cdp: ws://192.168.100.48:4444/se..., se:cdpVersion: 133.0.3065.69, setWindowRect: true, strictFileInteractability: false, timeouts: {implicit: 0, pageLoad: 300000, script: 30000}, unhandledPromptBehavior: dismiss and notify, webauthn:extension:credBlob: true, webauthn:extension:largeBlob: true, webauthn:extension:minPinLength: true, webauthn:extension:prf: true, webauthn:virtualAuthenticators: true}
Element: [[RemoteWebDriver: MicrosoftEdge on Windows 11 (032d37a44eb5a39397ba010df06f7f7b)] -> xpath: //a[text()='Register']]
Session ID: 032d37a44eb5a39397ba010df06f7f7b
17:19: 09.941 [main] INFO  org.testng.internal.Utils - [TestNG] Running:
  C:\Users\NIDARSHA\eclipse-workspace\OpenCartV121\master.xml

17:19: 12.651 [main] INFO  testCases.TC001_AccountRegistrationTest - **** Starting TC001_AccountRegistrationTest ****
17:19: 12.840 [main] INFO  testCases.TC001_AccountRegistrationTest - Clicked on MyAccount link
17:19: 13.211 [main] INFO  testCases.TC001_AccountRegistrationTest - Clicked on Register link
17:19: 13.215 [main] INFO  testCases.TC001_AccountRegistrationTest - Providing customer details
17:19: 14.752 [main] INFO  testCases.TC001_AccountRegistrationTest - Validating expected message...
17:19: 14.787 [main] INFO  testCases.TC001_AccountRegistrationTest - **** Finished TC001_AccountRegistrationTest ****
17:19: 16.956 [main] INFO  testCases.TC002_LoginTest - **** Starting TC002_LoginTest ****
17:19: 18.294 [main] INFO  testCases.TC002_LoginTest - **** Finished TC002_LoginTest ****
17:20: 31.699 [main] INFO  org.testng.internal.Utils - [TestNG] Running:
  C:\Users\NIDARSHA\eclipse-workspace\OpenCartV121\crossBrowserAndParallelTesting.xml

17:20: 34.889 [TestNG-tests-1] INFO  testCases.TC001_AccountRegistrationTest - **** Starting TC001_AccountRegistrationTest ****
17:20: 35.607 [TestNG-tests-1] INFO  testCases.TC001_AccountRegistrationTest - Clicked on MyAccount link
17:20: 36.285 [TestNG-tests-1] INFO  testCases.TC001_AccountRegistrationTest - Clicked on Register link
17:20: 36.300 [TestNG-tests-1] INFO  testCases.TC001_AccountRegistrationTest - Providing customer details
17:20: 38.765 [TestNG-tests-3] INFO  testCases.TC001_AccountRegistrationTest - **** Starting TC001_AccountRegistrationTest ****
17:20: 39.076 [TestNG-tests-3] INFO  testCases.TC001_AccountRegistrationTest - Clicked on MyAccount link
17:20: 39.841 [TestNG-tests-3] INFO  testCases.TC001_AccountRegistrationTest - Clicked on Register link
17:20: 39.842 [TestNG-tests-3] INFO  testCases.TC001_AccountRegistrationTest - Providing customer details
17:20: 41.679 [TestNG-tests-3] INFO  testCases.TC001_AccountRegistrationTest - Validating expected message...
17:20: 41.737 [TestNG-tests-3] INFO  testCases.TC001_AccountRegistrationTest - **** Finished TC001_AccountRegistrationTest ****
17:20: 46.540 [TestNG-tests-1] ERROR testCases.TC001_AccountRegistrationTest - no such element: Unable to locate element: {"method":"xpath","selector":"//input[@id='input-firstname']"}
  (Session info: MicrosoftEdge=133.0.3065.69)
For documentation on this error, please visit: https://www.selenium.dev/documentation/webdriver/troubleshooting/errors#no-such-element-exception
Build info: version: '4.28.1', revision: '73f5ad48a2'
System info: os.name: 'Windows 11', os.arch: 'amd64', os.version: '10.0', java.version: '23.0.1'
Driver info: org.openqa.selenium.edge.EdgeDriver
Command: [d31ffe057477abd670a82f4793957089, findElement {value=//input[@id='input-firstname'], using=xpath}]
Capabilities {acceptInsecureCerts: false, browserName: MicrosoftEdge, browserVersion: 133.0.3065.69, fedcm:accounts: true, ms:edgeOptions: {debuggerAddress: localhost:60094}, msedge: {msedgedriverVersion: 133.0.3065.69 (c3f010c11f3e..., userDataDir: C:\Users\NIDARSHA\AppData\L...}, networkConnectionEnabled: false, pageLoadStrategy: normal, platformName: windows, proxy: Proxy(), se:cdp: ws://localhost:60094/devtoo..., se:cdpVersion: 133.0.3065.69, setWindowRect: true, strictFileInteractability: false, timeouts: {implicit: 0, pageLoad: 300000, script: 30000}, unhandledPromptBehavior: dismiss and notify, webauthn:extension:credBlob: true, webauthn:extension:largeBlob: true, webauthn:extension:minPinLength: true, webauthn:extension:prf: true, webauthn:virtualAuthenticators: true}
Session ID: d31ffe057477abd670a82f4793957089
17:20: 46.786 [TestNG-tests-2] INFO  testCases.TC001_AccountRegistrationTest - **** Starting TC001_AccountRegistrationTest ****
17:20: 46.794 [TestNG-tests-2] ERROR testCases.TC001_AccountRegistrationTest - Session ID is null. Using WebDriver after calling quit()?
Build info: version: '4.28.1', revision: '73f5ad48a2'
System info: os.name: 'Windows 11', os.arch: 'amd64', os.version: '10.0', java.version: '23.0.1'
Driver info: org.openqa.selenium.firefox.FirefoxDriver
Command: [null, findElement {value=[title='My Account'], using=css selector}]
Capabilities {acceptInsecureCerts: true, browserName: firefox, browserVersion: 135.0, moz:accessibilityChecks: false, moz:buildID: 20250130195129, moz:debuggerAddress: 127.0.0.1:23368, moz:geckodriverVersion: 0.35.0, moz:headless: false, moz:platformVersion: 10.0, moz:processID: 6244, moz:profile: C:\Users\NIDARSHA\AppData\L..., moz:shutdownTimeout: 60000, moz:webdriverClick: true, moz:windowless: false, pageLoadStrategy: normal, platformName: windows, proxy: Proxy(), se:cdp: ws://127.0.0.1:23368/devtoo..., se:cdpVersion: 85.0, setWindowRect: true, strictFileInteractability: false, timeouts: {implicit: 0, pageLoad: 300000, script: 30000}, unhandledPromptBehavior: dismiss and notify, userAgent: Mozilla/5.0 (Windows NT 10....}
17:24: 51.377 [main] INFO  org.testng.internal.Utils - [TestNG] Running:
  C:\Users\NIDARSHA\eclipse-workspace\OpenCartV121\crossBrowserAndParallelTesting.xml

17:24: 53.920 [TestNG-tests-1] INFO  testCases.TC001_AccountRegistrationTest - **** Starting TC001_AccountRegistrationTest ****
17:24: 54.142 [TestNG-tests-1] INFO  testCases.TC001_AccountRegistrationTest - Clicked on MyAccount link
17:24: 54.698 [TestNG-tests-1] INFO  testCases.TC001_AccountRegistrationTest - Clicked on Register link
17:24: 54.706 [TestNG-tests-1] INFO  testCases.TC001_AccountRegistrationTest - Providing customer details
17:24: 56.202 [TestNG-tests-2] INFO  testCases.TC001_AccountRegistrationTest - **** Starting TC001_AccountRegistrationTest ****
17:24: 56.351 [TestNG-tests-2] INFO  testCases.TC001_AccountRegistrationTest - Clicked on MyAccount link
17:24: 56.785 [TestNG-tests-2] INFO  testCases.TC001_AccountRegistrationTest - Clicked on Register link
17:24: 56.787 [TestNG-tests-2] INFO  testCases.TC001_AccountRegistrationTest - Providing customer details
17:24: 56.885 [TestNG-tests-1] INFO  testCases.TC001_AccountRegistrationTest - Validating expected message...
17:24: 57.001 [TestNG-tests-1] INFO  testCases.TC001_AccountRegistrationTest - **** Finished TC001_AccountRegistrationTest ****
17:24: 57.429 [TestNG-tests-2] ERROR testCases.TC001_AccountRegistrationTest - Build info: version: '4.28.1', revision: '73f5ad48a2'
System info: os.name: 'Windows 11', os.arch: 'amd64', os.version: '10.0', java.version: '23.0.1'
Driver info: org.openqa.selenium.edge.EdgeDriver
Command: [ff9812fcbd3557d0f11e811869efd82f, sendKeysToElement {id=f.4545169A94A3D869505472284FEE0630.d.E79C9CEE87D9DD36747D92F4FB173C33.e.79, value=[Ljava.lang.CharSequence;@1f8ef31e}]
Capabilities {acceptInsecureCerts: false, browserName: MicrosoftEdge, browserVersion: 133.0.3065.69, fedcm:accounts: true, ms:edgeOptions: {debuggerAddress: localhost:60301}, msedge: {msedgedriverVersion: 133.0.3065.69 (c3f010c11f3e..., userDataDir: C:\Users\NIDARSHA\AppData\L...}, networkConnectionEnabled: false, pageLoadStrategy: normal, platformName: windows, proxy: Proxy(), se:cdp: ws://localhost:60301/devtoo..., se:cdpVersion: 133.0.3065.69, setWindowRect: true, strictFileInteractability: false, timeouts: {implicit: 0, pageLoad: 300000, script: 30000}, unhandledPromptBehavior: dismiss and notify, webauthn:extension:credBlob: true, webauthn:extension:largeBlob: true, webauthn:extension:minPinLength: true, webauthn:extension:prf: true, webauthn:virtualAuthenticators: true}
Element: [[EdgeDriver: MicrosoftEdge on windows (ff9812fcbd3557d0f11e811869efd82f)] -> xpath: //input[@id='input-lastname']]
Session ID: ff9812fcbd3557d0f11e811869efd82f
17:24: 59.068 [TestNG-tests-3] INFO  testCases.TC001_AccountRegistrationTest - **** Starting TC001_AccountRegistrationTest ****
17:24: 59.351 [TestNG-tests-3] INFO  testCases.TC001_AccountRegistrationTest - Clicked on MyAccount link
17:24: 59.634 [TestNG-tests-3] INFO  testCases.TC001_AccountRegistrationTest - Clicked on Register link
17:24: 59.635 [TestNG-tests-3] INFO  testCases.TC001_AccountRegistrationTest - Providing customer details
17:25: 01.656 [TestNG-tests-3] INFO  testCases.TC001_AccountRegistrationTest - Validating expected message...
17:25: 01.713 [TestNG-tests-3] INFO  testCases.TC001_AccountRegistrationTest - **** Finished TC001_AccountRegistrationTest ****
17:26: 12.583 [main] INFO  org.testng.internal.Utils - [TestNG] Running:
  C:\Users\NIDARSHA\eclipse-workspace\OpenCartV121\crossBrowserAndParallelTesting.xml

17:26: 15.249 [TestNG-tests-1] INFO  testCases.TC001_AccountRegistrationTest - **** Starting TC001_AccountRegistrationTest ****
17:26: 15.416 [TestNG-tests-1] INFO  testCases.TC001_AccountRegistrationTest - Clicked on MyAccount link
17:26: 15.911 [TestNG-tests-1] INFO  testCases.TC001_AccountRegistrationTest - Clicked on Register link
17:26: 15.917 [TestNG-tests-1] INFO  testCases.TC001_AccountRegistrationTest - Providing customer details
17:26: 17.212 [TestNG-tests-2] INFO  testCases.TC001_AccountRegistrationTest - **** Starting TC001_AccountRegistrationTest ****
17:26: 17.371 [TestNG-tests-2] INFO  testCases.TC001_AccountRegistrationTest - Clicked on MyAccount link
17:26: 17.632 [TestNG-tests-1] INFO  testCases.TC001_AccountRegistrationTest - Validating expected message...
17:26: 17.706 [TestNG-tests-1] INFO  testCases.TC001_AccountRegistrationTest - **** Finished TC001_AccountRegistrationTest ****
17:26: 17.858 [TestNG-tests-2] INFO  testCases.TC001_AccountRegistrationTest - Clicked on Register link
17:26: 17.859 [TestNG-tests-2] INFO  testCases.TC001_AccountRegistrationTest - Providing customer details
17:26: 17.935 [TestNG-tests-2] ERROR testCases.TC001_AccountRegistrationTest - Build info: version: '4.28.1', revision: '73f5ad48a2'
System info: os.name: 'Windows 11', os.arch: 'amd64', os.version: '10.0', java.version: '23.0.1'
Driver info: org.openqa.selenium.edge.EdgeDriver
Command: [9a87472fa179a2516332d25392078c72, findElement {value=//input[@id='input-firstname'], using=xpath}]
Capabilities {acceptInsecureCerts: false, browserName: MicrosoftEdge, browserVersion: 133.0.3065.69, fedcm:accounts: true, ms:edgeOptions: {debuggerAddress: localhost:60405}, msedge: {msedgedriverVersion: 133.0.3065.69 (c3f010c11f3e..., userDataDir: C:\Users\NIDARSHA\AppData\L...}, networkConnectionEnabled: false, pageLoadStrategy: normal, platformName: windows, proxy: Proxy(), se:cdp: ws://localhost:60405/devtoo..., se:cdpVersion: 133.0.3065.69, setWindowRect: true, strictFileInteractability: false, timeouts: {implicit: 0, pageLoad: 300000, script: 30000}, unhandledPromptBehavior: dismiss and notify, webauthn:extension:credBlob: true, webauthn:extension:largeBlob: true, webauthn:extension:minPinLength: true, webauthn:extension:prf: true, webauthn:virtualAuthenticators: true}
Session ID: 9a87472fa179a2516332d25392078c72
17:26: 20.453 [TestNG-tests-3] INFO  testCases.TC001_AccountRegistrationTest - **** Starting TC001_AccountRegistrationTest ****
17:26: 20.831 [TestNG-tests-3] INFO  testCases.TC001_AccountRegistrationTest - Clicked on MyAccount link
17:26: 21.759 [TestNG-tests-3] INFO  testCases.TC001_AccountRegistrationTest - Clicked on Register link
17:26: 21.764 [TestNG-tests-3] INFO  testCases.TC001_AccountRegistrationTest - Providing customer details
17:26: 23.966 [TestNG-tests-3] INFO  testCases.TC001_AccountRegistrationTest - Validating expected message...
17:26: 24.015 [TestNG-tests-3] INFO  testCases.TC001_AccountRegistrationTest - **** Finished TC001_AccountRegistrationTest ****
17:27: 29.081 [main] INFO  org.testng.internal.Utils - [TestNG] Running:
  C:\Users\NIDARSHA\eclipse-workspace\OpenCartV121\crossBrowserAndParallelTesting.xml

17:27: 31.375 [TestNG-tests-1] INFO  testCases.TC001_AccountRegistrationTest - **** Starting TC001_AccountRegistrationTest ****
17:27: 31.493 [TestNG-tests-1] INFO  testCases.TC001_AccountRegistrationTest - Clicked on MyAccount link
17:27: 31.808 [TestNG-tests-1] INFO  testCases.TC001_AccountRegistrationTest - Clicked on Register link
17:27: 31.814 [TestNG-tests-1] INFO  testCases.TC001_AccountRegistrationTest - Providing customer details
17:27: 33.150 [TestNG-tests-2] INFO  testCases.TC001_AccountRegistrationTest - **** Starting TC001_AccountRegistrationTest ****
17:27: 33.215 [TestNG-tests-1] INFO  testCases.TC001_AccountRegistrationTest - Validating expected message...
17:27: 33.254 [TestNG-tests-1] INFO  testCases.TC001_AccountRegistrationTest - **** Finished TC001_AccountRegistrationTest ****
17:27: 33.272 [TestNG-tests-2] INFO  testCases.TC001_AccountRegistrationTest - Clicked on MyAccount link
17:27: 33.381 [TestNG-tests-2] ERROR testCases.TC001_AccountRegistrationTest - Build info: version: '4.28.1', revision: '73f5ad48a2'
System info: os.name: 'Windows 11', os.arch: 'amd64', os.version: '10.0', java.version: '23.0.1'
Driver info: org.openqa.selenium.edge.EdgeDriver
Command: [2aa6be9099617fcc5a313cb995adeb88, clickElement {id=f.7C8D9D2E0691C9B2C712CF47665AF3F9.d.6FC1D2E1BAB5D73D792791956ECA02EB.e.78}]
Capabilities {acceptInsecureCerts: false, browserName: MicrosoftEdge, browserVersion: 133.0.3065.69, fedcm:accounts: true, ms:edgeOptions: {debuggerAddress: localhost:60505}, msedge: {msedgedriverVersion: 133.0.3065.69 (c3f010c11f3e..., userDataDir: C:\Users\NIDARSHA\AppData\L...}, networkConnectionEnabled: false, pageLoadStrategy: normal, platformName: windows, proxy: Proxy(), se:cdp: ws://localhost:60505/devtoo..., se:cdpVersion: 133.0.3065.69, setWindowRect: true, strictFileInteractability: false, timeouts: {implicit: 0, pageLoad: 300000, script: 30000}, unhandledPromptBehavior: dismiss and notify, webauthn:extension:credBlob: true, webauthn:extension:largeBlob: true, webauthn:extension:minPinLength: true, webauthn:extension:prf: true, webauthn:virtualAuthenticators: true}
Element: [[EdgeDriver: MicrosoftEdge on windows (2aa6be9099617fcc5a313cb995adeb88)] -> xpath: //a[text()='Register']]
Session ID: 2aa6be9099617fcc5a313cb995adeb88
17:27: 40.320 [TestNG-tests-1] INFO  testCases.TC001_AccountRegistrationTest - **** Starting TC001_AccountRegistrationTest ****
17:27: 40.726 [TestNG-tests-1] INFO  testCases.TC001_AccountRegistrationTest - Clicked on MyAccount link
17:27: 41.366 [TestNG-tests-1] INFO  testCases.TC001_AccountRegistrationTest - Clicked on Register link
17:27: 41.367 [TestNG-tests-1] INFO  testCases.TC001_AccountRegistrationTest - Providing customer details
17:27: 42.656 [TestNG-tests-1] INFO  testCases.TC001_AccountRegistrationTest - Validating expected message...
17:27: 42.692 [TestNG-tests-1] INFO  testCases.TC001_AccountRegistrationTest - **** Finished TC001_AccountRegistrationTest ****
17:28: 57.422 [main] INFO  org.testng.internal.Utils - [TestNG] Running:
  C:\Users\NIDARSHA\eclipse-workspace\OpenCartV121\crossBrowserAndParallelTesting.xml

17:28: 59.926 [TestNG-tests-1] INFO  testCases.TC001_AccountRegistrationTest - **** Starting TC001_AccountRegistrationTest ****
17:29: 00.118 [TestNG-tests-1] INFO  testCases.TC001_AccountRegistrationTest - Clicked on MyAccount link
17:29: 00.647 [TestNG-tests-1] INFO  testCases.TC001_AccountRegistrationTest - Clicked on Register link
17:29: 00.652 [TestNG-tests-1] INFO  testCases.TC001_AccountRegistrationTest - Providing customer details
17:29: 01.816 [TestNG-tests-2] INFO  testCases.TC001_AccountRegistrationTest - **** Starting TC001_AccountRegistrationTest ****
17:29: 01.899 [TestNG-tests-1] INFO  testCases.TC001_AccountRegistrationTest - Validating expected message...
17:29: 01.956 [TestNG-tests-1] INFO  testCases.TC001_AccountRegistrationTest - **** Finished TC001_AccountRegistrationTest ****
17:29: 01.969 [TestNG-tests-2] INFO  testCases.TC001_AccountRegistrationTest - Clicked on MyAccount link
17:29: 02.101 [TestNG-tests-2] ERROR testCases.TC001_AccountRegistrationTest - Build info: version: '4.28.1', revision: '73f5ad48a2'
System info: os.name: 'Windows 11', os.arch: 'amd64', os.version: '10.0', java.version: '23.0.1'
Driver info: org.openqa.selenium.edge.EdgeDriver
Command: [a6c0d9d33056a186f220a0d31657b8d0, clickElement {id=f.85ABD8B75105A2CE51A701DCA1D12CD0.d.17E668791C10490155152295AF19ADE4.e.62}]
Capabilities {acceptInsecureCerts: false, browserName: MicrosoftEdge, browserVersion: 133.0.3065.69, fedcm:accounts: true, ms:edgeOptions: {debuggerAddress: localhost:60606}, msedge: {msedgedriverVersion: 133.0.3065.69 (c3f010c11f3e..., userDataDir: C:\Users\NIDARSHA\AppData\L...}, networkConnectionEnabled: false, pageLoadStrategy: normal, platformName: windows, proxy: Proxy(), se:cdp: ws://localhost:60606/devtoo..., se:cdpVersion: 133.0.3065.69, setWindowRect: true, strictFileInteractability: false, timeouts: {implicit: 0, pageLoad: 300000, script: 30000}, unhandledPromptBehavior: dismiss and notify, webauthn:extension:credBlob: true, webauthn:extension:largeBlob: true, webauthn:extension:minPinLength: true, webauthn:extension:prf: true, webauthn:virtualAuthenticators: true}
Element: [[EdgeDriver: MicrosoftEdge on windows (a6c0d9d33056a186f220a0d31657b8d0)] -> xpath: //a[text()='Register']]
Session ID: a6c0d9d33056a186f220a0d31657b8d0
17:29: 07.805 [TestNG-tests-2] INFO  testCases.TC001_AccountRegistrationTest - **** Starting TC001_AccountRegistrationTest ****
17:29: 08.056 [TestNG-tests-2] INFO  testCases.TC001_AccountRegistrationTest - Clicked on MyAccount link
17:29: 08.416 [TestNG-tests-2] INFO  testCases.TC001_AccountRegistrationTest - Clicked on Register link
17:29: 08.431 [TestNG-tests-2] INFO  testCases.TC001_AccountRegistrationTest - Providing customer details
17:29: 09.388 [TestNG-tests-2] INFO  testCases.TC001_AccountRegistrationTest - Validating expected message...
17:29: 09.404 [TestNG-tests-2] INFO  testCases.TC001_AccountRegistrationTest - **** Finished TC001_AccountRegistrationTest ****
17:30: 41.412 [main] INFO  org.testng.internal.Utils - [TestNG] Running:
  C:\Users\NIDARSHA\eclipse-workspace\OpenCartV121\master.xml

17:30: 44.669 [main] INFO  testCases.TC001_AccountRegistrationTest - **** Starting TC001_AccountRegistrationTest ****
17:30: 44.843 [main] INFO  testCases.TC001_AccountRegistrationTest - Clicked on MyAccount link
17:30: 45.310 [main] INFO  testCases.TC001_AccountRegistrationTest - Clicked on Register link
17:30: 45.313 [main] INFO  testCases.TC001_AccountRegistrationTest - Providing customer details
17:30: 46.383 [main] INFO  testCases.TC001_AccountRegistrationTest - Validating expected message...
17:30: 46.426 [main] INFO  testCases.TC001_AccountRegistrationTest - **** Finished TC001_AccountRegistrationTest ****
17:30: 48.424 [main] INFO  testCases.TC002_LoginTest - **** Starting TC002_LoginTest ****
17:30: 49.808 [main] INFO  testCases.TC002_LoginTest - **** Finished TC002_LoginTest ****
16:42: 15.162 [main] INFO  org.testng.internal.Utils - [TestNG] Running:
  C:\Users\NIDARSHA\eclipse-workspace\OpenCartV121\grid-docker.xml

16:42: 16.017 [main] INFO  testCases.TC001_AccountRegistrationTest - **** Starting TC001_AccountRegistrationTest ****
16:42: 16.077 [main] ERROR testCases.TC001_AccountRegistrationTest - Cannot invoke "org.openqa.selenium.SearchContext.findElement(org.openqa.selenium.By)" because "this.searchContext" is null
16:43: 01.808 [main] INFO  org.testng.internal.Utils - [TestNG] Running:
  C:\Users\NIDARSHA\eclipse-workspace\OpenCartV121\grid-docker.xml

16:43: 02.265 [main] INFO  testCases.TC001_AccountRegistrationTest - **** Starting TC001_AccountRegistrationTest ****
16:43: 02.305 [main] ERROR testCases.TC001_AccountRegistrationTest - Cannot invoke "org.openqa.selenium.SearchContext.findElement(org.openqa.selenium.By)" because "this.searchContext" is null
16:43: 48.550 [main] INFO  org.testng.internal.Utils - [TestNG] Running:
  C:\Users\NIDARSHA\eclipse-workspace\OpenCartV121\master.xml

16:44: 47.270 [main] INFO  org.testng.internal.Utils - [TestNG] Running:
  C:\Users\NIDARSHA\eclipse-workspace\OpenCartV121\master.xml

16:45: 27.714 [main] INFO  org.testng.internal.Utils - [TestNG] Running:
  C:\Users\NIDARSHA\eclipse-workspace\OpenCartV121\master.xml

16:47: 51.522 [main] INFO  org.testng.internal.Utils - [TestNG] Running:
  C:\Users\NIDARSHA\eclipse-workspace\OpenCartV121\grouping.xml

16:49: 02.983 [main] INFO  org.testng.internal.Utils - [Utils] MethodGroupsHelper.collectMethodsByGroup() took 0 ms.
16:49: 02.986 [main] INFO  org.testng.internal.Utils - [Utils] MethodGroupsHelper.sortMethods() took 1 ms.
16:49: 02.987 [main] INFO  org.testng.internal.Utils - [Utils] MethodGroupsHelper.collectMethodsByGroup() took 0 ms.
16:49: 02.987 [main] INFO  org.testng.internal.Utils - [Utils] MethodGroupsHelper.sortMethods() took 0 ms.
16:49: 02.988 [main] INFO  org.testng.internal.Utils - [Utils] MethodGroupsHelper.collectMethodsByGroup() took 0 ms.
16:49: 02.988 [main] INFO  org.testng.internal.Utils - [Utils] MethodGroupsHelper.sortMethods() took 0 ms.
16:49: 02.988 [main] INFO  org.testng.internal.Utils - [Utils] MethodGroupsHelper.collectMethodsByGroup() took 0 ms.
16:49: 02.988 [main] INFO  org.testng.internal.Utils - [Utils] MethodGroupsHelper.sortMethods() took 0 ms.
16:49: 02.993 [main] INFO  org.testng.internal.Utils - [Utils] MethodGroupsHelper.collectMethodsByGroup() took 2 ms.
16:49: 02.999 [main] INFO  org.testng.internal.Utils - [Utils] MethodGroupsHelper.sortMethods() took 6 ms.
16:49: 03.000 [main] INFO  org.testng.internal.Utils - [Utils] MethodGroupsHelper.collectMethodsByGroup() took 0 ms.
16:49: 03.001 [main] INFO  org.testng.internal.Utils - [Utils] MethodGroupsHelper.sortMethods() took 0 ms.
16:49: 03.001 [main] INFO  org.testng.internal.Utils - [Utils] MethodGroupsHelper.collectMethodsByGroup() took 0 ms.
16:49: 03.001 [main] INFO  org.testng.internal.Utils - [Utils] MethodGroupsHelper.sortMethods() took 0 ms.
16:49: 03.002 [main] INFO  org.testng.internal.Utils - [Utils] MethodGroupsHelper.collectMethodsByGroup() took 0 ms.
16:49: 03.002 [main] INFO  org.testng.internal.Utils - [Utils] MethodGroupsHelper.sortMethods() took 0 ms.
16:49: 03.003 [main] INFO  org.testng.internal.Utils - [Utils] MethodGroupsHelper.collectMethodsByGroup() took 0 ms.
16:49: 03.003 [main] INFO  org.testng.internal.Utils - [Utils] MethodGroupsHelper.sortMethods() took 0 ms.
16:49: 03.004 [main] INFO  org.testng.internal.Utils - [Utils] MethodGroupsHelper.collectMethodsByGroup() took 0 ms.
16:49: 03.004 [main] INFO  org.testng.internal.Utils - [Utils] MethodGroupsHelper.sortMethods() took 0 ms.
16:49: 03.005 [main] INFO  org.testng.internal.Utils - [Utils] MethodGroupsHelper.collectMethodsByGroup() took 0 ms.
16:49: 03.005 [main] INFO  org.testng.internal.Utils - [Utils] MethodGroupsHelper.sortMethods() took 0 ms.
16:49: 03.006 [main] INFO  org.testng.internal.Utils - [Utils] MethodGroupsHelper.collectMethodsByGroup() took 1 ms.
16:49: 03.006 [main] INFO  org.testng.internal.Utils - [Utils] MethodGroupsHelper.sortMethods() took 0 ms.
16:49: 03.006 [main] INFO  org.testng.internal.Utils - [Utils] MethodGroupsHelper.collectMethodsByGroup() took 0 ms.
16:49: 03.007 [main] INFO  org.testng.internal.Utils - [Utils] MethodGroupsHelper.sortMethods() took 0 ms.
16:49: 03.008 [main] INFO  org.testng.internal.Utils - [Utils] MethodGroupsHelper.collectMethodsByGroup() took 0 ms.
16:49: 03.008 [main] INFO  org.testng.internal.Utils - [Utils] MethodGroupsHelper.sortMethods() took 0 ms.
16:49: 03.008 [main] INFO  org.testng.internal.Utils - [Utils] MethodGroupsHelper.collectMethodsByGroup() took 0 ms.
16:49: 03.008 [main] INFO  org.testng.internal.Utils - [Utils] MethodGroupsHelper.sortMethods() took 0 ms.
16:49: 03.013 [main] INFO  org.testng.internal.Utils - [TestNG] Running:
  C:\Users\NIDARSHA\AppData\Local\Temp\testng-eclipse-1913244705\testng-customsuite.xml

16:49: 03.027 [main] INFO  org.testng.internal.Utils - [Utils] DynamicGraphHelper.createDynamicGraph() took 4 ms.
16:49: 03.234 [main] INFO  org.testng.internal.Utils - [TestNG] Time taken by org.testng.reporters.jq.Main@4c398c80: 89 ms
16:49: 03.249 [main] INFO  org.testng.internal.Utils - [TestNG] Time taken by org.testng.reporters.FailedReporter@58c34bb3: 15 ms
16:49: 03.264 [main] INFO  org.testng.internal.Utils - [TestNG] Time taken by org.testng.reporters.XMLReporter@42e3ede4: 14 ms
16:49: 03.273 [main] INFO  org.testng.internal.Utils - [TestNG] Time taken by org.testng.reporters.EmailableReporter2@6821ea29: 9 ms
16:49: 03.282 [main] INFO  org.testng.internal.Utils - [TestNG] Time taken by org.testng.reporters.JUnitReportReporter@10993713: 9 ms
16:49: 03.283 [main] INFO  org.testng.internal.Utils - [TestNG] Time taken by org.testng.internal.ExitCodeListener@58359ebd: 0 ms
16:49: 12.939 [main] INFO  org.testng.internal.Utils - [TestNG] Running:
  C:\Users\NIDARSHA\eclipse-workspace\OpenCartV121\grid-docker.xml

16:49: 13.185 [main] INFO  testCases.TC001_AccountRegistrationTest - **** Starting TC001_AccountRegistrationTest ****
16:49: 13.207 [main] ERROR testCases.TC001_AccountRegistrationTest - Cannot invoke "org.openqa.selenium.SearchContext.findElement(org.openqa.selenium.By)" because "this.searchContext" is null
16:50: 05.983 [main] INFO  org.testng.internal.Utils - [TestNG] Running:
  C:\Users\NIDARSHA\eclipse-workspace\OpenCartV121\grid-docker.xml

16:52: 38.434 [main] INFO  org.testng.internal.Utils - [TestNG] Running:
  C:\Users\NIDARSHA\eclipse-workspace\OpenCartV121\master.xml

16:53: 42.777 [main] INFO  org.testng.internal.Utils - [TestNG] Running:
  C:\Users\NIDARSHA\eclipse-workspace\OpenCartV121\master.xml

16:53: 45.871 [main] INFO  testCases.TC001_AccountRegistrationTest - **** Starting TC001_AccountRegistrationTest ****
16:53: 45.974 [main] INFO  testCases.TC001_AccountRegistrationTest - Clicked on MyAccount link
16:53: 46.270 [main] INFO  testCases.TC001_AccountRegistrationTest - Clicked on Register link
16:53: 46.274 [main] INFO  testCases.TC001_AccountRegistrationTest - Providing customer details
16:53: 47.417 [main] INFO  testCases.TC001_AccountRegistrationTest - Validating expected message...
16:53: 47.457 [main] INFO  testCases.TC001_AccountRegistrationTest - **** Finished TC001_AccountRegistrationTest ****
16:53: 49.225 [main] INFO  testCases.TC002_LoginTest - **** Starting TC002_LoginTest ****
16:53: 50.475 [main] INFO  testCases.TC002_LoginTest - **** Finished TC002_LoginTest ****
16:54: 25.465 [main] INFO  org.testng.internal.Utils - [TestNG] Running:
  C:\Users\NIDARSHA\eclipse-workspace\OpenCartV121\master.xml

16:56: 45.572 [main] INFO  org.testng.internal.Utils - [TestNG] Running:
  C:\Users\NIDARSHA\eclipse-workspace\OpenCartV121\grid-docker.xml

16:57: 22.818 [main] INFO  org.testng.internal.Utils - [TestNG] Running:
  C:\Users\NIDARSHA\eclipse-workspace\OpenCartV121\grid-docker.xml

17:00: 56.198 [main] INFO  org.testng.internal.Utils - [TestNG] Running:
  C:\Users\NIDARSHA\eclipse-workspace\OpenCartV121\grid-docker.xml

17:01: 01.100 [main] INFO  testCases.TC001_AccountRegistrationTest - **** Starting TC001_AccountRegistrationTest ****
17:01: 01.332 [main] INFO  testCases.TC001_AccountRegistrationTest - Clicked on MyAccount link
17:01: 01.710 [main] INFO  testCases.TC001_AccountRegistrationTest - Clicked on Register link
17:01: 01.714 [main] INFO  testCases.TC001_AccountRegistrationTest - Providing customer details
17:01: 03.125 [main] INFO  testCases.TC001_AccountRegistrationTest - Validating expected message...
17:01: 03.195 [main] INFO  testCases.TC001_AccountRegistrationTest - **** Finished TC001_AccountRegistrationTest ****
17:01: 04.906 [main] INFO  testCases.TC002_LoginTest - **** Starting TC002_LoginTest ****
17:01: 07.284 [main] INFO  testCases.TC002_LoginTest - **** Finished TC002_LoginTest ****
17:01: 41.410 [main] INFO  org.testng.internal.Utils - [TestNG] Running:
  C:\Users\NIDARSHA\eclipse-workspace\OpenCartV121\grid-docker.xml

17:02: 01.658 [main] INFO  org.testng.internal.Utils - [TestNG] Running:
  C:\Users\NIDARSHA\eclipse-workspace\OpenCartV121\grid-docker.xml

17:02: 42.726 [main] INFO  org.testng.internal.Utils - [TestNG] Running:
  C:\Users\NIDARSHA\eclipse-workspace\OpenCartV121\grid-docker.xml

17:03: 20.515 [main] INFO  org.testng.internal.Utils - [TestNG] Running:
  C:\Users\NIDARSHA\eclipse-workspace\OpenCartV121\grid-docker.xml

17:03: 42.650 [main] INFO  org.testng.internal.Utils - [TestNG] Running:
  C:\Users\NIDARSHA\eclipse-workspace\OpenCartV121\grid-docker.xml

17:13: 16.901 [main] INFO  org.testng.internal.Utils - [TestNG] Running:
  C:\Users\NIDARSHA\eclipse-workspace\OpenCartV121\grid-docker.xml

17:14: 53.071 [main] INFO  org.testng.internal.Utils - [TestNG] Running:
  C:\Users\NIDARSHA\eclipse-workspace\OpenCartV121\grid-docker.xml

18:01: 28.413 [main] INFO  org.testng.internal.Utils - [TestNG] Running:
  C:\Users\NIDARSHA\eclipse-workspace\OpenCartV121\grid-docker.xml

18:01: 55.985 [main] INFO  org.testng.internal.Utils - [TestNG] Running:
  C:\Users\NIDARSHA\eclipse-workspace\OpenCartV121\grid-docker.xml

18:02: 26.018 [main] INFO  org.testng.internal.Utils - [TestNG] Running:
  C:\Users\NIDARSHA\eclipse-workspace\OpenCartV121\grid-docker.xml

18:02: 27.630 [main] INFO  testCases.TC001_AccountRegistrationTest - **** Starting TC001_AccountRegistrationTest ****
18:02: 27.762 [main] INFO  testCases.TC001_AccountRegistrationTest - Clicked on MyAccount link
18:02: 28.109 [main] INFO  testCases.TC001_AccountRegistrationTest - Clicked on Register link
18:02: 28.111 [main] INFO  testCases.TC001_AccountRegistrationTest - Providing customer details
18:02: 29.223 [main] INFO  testCases.TC001_AccountRegistrationTest - Validating expected message...
18:02: 29.276 [main] INFO  testCases.TC001_AccountRegistrationTest - **** Finished TC001_AccountRegistrationTest ****
18:02: 30.390 [main] INFO  testCases.TC002_LoginTest - **** Starting TC002_LoginTest ****
18:02: 31.880 [main] INFO  testCases.TC002_LoginTest - **** Finished TC002_LoginTest ****
18:02: 53.873 [main] INFO  org.testng.internal.Utils - [TestNG] Running:
  C:\Users\NIDARSHA\eclipse-workspace\OpenCartV121\grid-docker.xml

18:02: 56.376 [main] INFO  testCases.TC001_AccountRegistrationTest - **** Starting TC001_AccountRegistrationTest ****
18:02: 56.512 [main] INFO  testCases.TC001_AccountRegistrationTest - Clicked on MyAccount link
18:02: 57.069 [main] INFO  testCases.TC001_AccountRegistrationTest - Clicked on Register link
18:02: 57.071 [main] INFO  testCases.TC001_AccountRegistrationTest - Providing customer details
18:02: 58.328 [main] INFO  testCases.TC001_AccountRegistrationTest - Validating expected message...
18:02: 58.387 [main] INFO  testCases.TC001_AccountRegistrationTest - **** Finished TC001_AccountRegistrationTest ****
18:02: 59.447 [main] INFO  testCases.TC002_LoginTest - **** Starting TC002_LoginTest ****
18:03: 00.586 [main] INFO  testCases.TC002_LoginTest - **** Finished TC002_LoginTest ****
18:05: 38.342 [main] INFO  org.testng.internal.Utils - [TestNG] Running:
  C:\Users\NIDARSHA\eclipse-workspace\OpenCartV121\grid-docker.xml

